[2026-04-07 04:46:22] [BiGRU] [INFO]  Logger initialised — writing to: /kaggle/working/BiGRU/logs/BiGRU_20260407_044622.log
[2026-04-07 04:46:22] [BiGRU] [INFO]  Output directories ready: /kaggle/working/BiGRU
[2026-04-07 04:46:22] [BiGRU] [INFO]  DATA_DIR     : /kaggle/input/competitions/asl-signs  exists=True
[2026-04-07 04:46:22] [BiGRU] [INFO]  TRAIN_CSV    : /kaggle/input/competitions/asl-signs/train.csv  exists=True
[2026-04-07 04:46:22] [BiGRU] [INFO]  LANDMARK_DIR : /kaggle/input/competitions/asl-signs/train_landmark_files  exists=True
[2026-04-07 04:46:22] [BiGRU] [INFO]  Parquet participant folders found: 21
[2026-04-07 04:46:22] [BiGRU] [INFO]  train.csv: 94477 rows | 250 unique signs | 21 participants
[2026-04-07 04:46:22] [BiGRU] [INFO]  Selected landmark nodes: 118  |  Feature channels: 708
[2026-04-07 04:46:22] [BiGRU] [INFO]  Preprocess layer instantiated.
[2026-04-07 04:46:23] [BiGRU] [INFO]  Encoded 250 unique sign classes.
[2026-04-07 04:46:23] [BiGRU] [INFO]  Running pipeline sanity check on 10 samples...
[2026-04-07 04:46:25] [BiGRU] [INFO]  Sanity check X: (2, 384, 708)  Y: (2, 250)  dtype: <dtype: 'float32'>
[2026-04-07 04:46:25] [BiGRU] [INFO]  Feature tensor — shape: (2, 384, 708)  min: -100.0000  max: 4.2930  mean: -95.5772
[2026-04-07 04:46:25] [BiGRU] [INFO]  Label tensor   — shape: (2, 250)  active class: 25  (blow)
[2026-04-07 04:46:26] [BiGRU] [INFO]  Performing stratified 80/10/10 split  seed=42.
[2026-04-07 04:46:26] [BiGRU] [INFO]  Training   : 75581 samples  (80.0%)
[2026-04-07 04:46:26] [BiGRU] [INFO]  Validation : 9448 samples  (10.0%)
[2026-04-07 04:46:26] [BiGRU] [INFO]  Test       : 9448 samples  (10.0%)
[2026-04-07 04:46:27] [BiGRU] [INFO]  Steps/epoch: 590  |  Val steps: 73  |  Test steps: 73
[2026-04-07 04:46:27] [BiGRU] [INFO]  =========================================================
       DATASET REPORT — BiGRU
=========================================================
Total sequences         : 94477
Unique classes          : 250
Selected landmark nodes : 118
Feature channels        : 708
Max sequence length     : 384 frames
Input tensor shape      : (Batch, 384, 708)
---------------------------------------------------------
Training   : 75581 samples
Validation : 9448 samples
Test       : 9448 samples
---------------------------------------------------------
[Train] max=332  min=239  mean=302.3
[Val]   max=42  min=30  mean=37.8
[Test]  max=41  min=30  mean=37.8
=========================================================

[2026-04-07 04:46:28] [BiGRU] [INFO]  Pre-training report saved.
[2026-04-07 04:46:30] [BiGRU] [INFO]  Model: "BiGRU"
┏━━━━━━━━━━━━━━━━━━━━━┳━━━━━━━━━━━━━━━━━━━┳━━━━━━━━━━━━┳━━━━━━━━━━━━━━━━━━━┓
┃ Layer (type)        ┃ Output Shape      ┃    Param # ┃ Connected to      ┃
┡━━━━━━━━━━━━━━━━━━━━━╇━━━━━━━━━━━━━━━━━━━╇━━━━━━━━━━━━╇━━━━━━━━━━━━━━━━━━━┩
│ input_features      │ (None, 384, 708)  │          0 │ -                 │
│ (InputLayer)        │                   │            │                   │
├─────────────────────┼───────────────────┼────────────┼───────────────────┤
│ cast (Cast)         │ (None, 384, 708)  │          0 │ input_features[0… │
├─────────────────────┼───────────────────┼────────────┼───────────────────┤
│ masking (Masking)   │ (None, 384, 708)  │          0 │ input_features[0… │
├─────────────────────┼───────────────────┼────────────┼───────────────────┤
│ not_equal           │ (None, 384, 708)  │          0 │ cast[0][0]        │
│ (NotEqual)          │                   │            │                   │
├─────────────────────┼───────────────────┼────────────┼───────────────────┤
│ stem_conv           │ (None, 384, 256)  │    543,744 │ masking[0][0]     │
│ (MaskableConv1D)    │                   │            │                   │
├─────────────────────┼───────────────────┼────────────┼───────────────────┤
│ any (Any)           │ (None, 384)       │          0 │ not_equal[0][0]   │
├─────────────────────┼───────────────────┼────────────┼───────────────────┤
│ stem_bn             │ (None, 384, 256)  │      1,024 │ stem_conv[0][0],  │
│ (BatchNormalizatio… │                   │            │ any[0][0]         │
├─────────────────────┼───────────────────┼────────────┼───────────────────┤
│ stem_act            │ (None, 384, 256)  │          0 │ stem_bn[0][0]     │
│ (Activation)        │                   │            │                   │
├─────────────────────┼───────────────────┼────────────┼───────────────────┤
│ stem_drop           │ (None, 384, 256)  │          0 │ stem_act[0][0]    │
│ (SpatialDropout1D)  │                   │            │                   │
├─────────────────────┼───────────────────┼────────────┼───────────────────┤
│ bigru_1             │ (None, 384, 512)  │    789,504 │ stem_drop[0][0],  │
│ (Bidirectional)     │                   │            │ any[0][0]         │
├─────────────────────┼───────────────────┼────────────┼───────────────────┤
│ ln_1                │ (None, 384, 512)  │      1,024 │ bigru_1[0][0]     │
│ (LayerNormalizatio… │                   │            │                   │
├─────────────────────┼───────────────────┼────────────┼───────────────────┤
│ skip1_proj (Dense)  │ (None, 384, 512)  │    131,072 │ stem_drop[0][0]   │
├─────────────────────┼───────────────────┼────────────┼───────────────────┤
│ res_1 (Add)         │ (None, 384, 512)  │          0 │ ln_1[0][0],       │
│                     │                   │            │ skip1_proj[0][0]  │
├─────────────────────┼───────────────────┼────────────┼───────────────────┤
│ logical_or          │ (None, 384)       │          0 │ any[0][0],        │
│ (LogicalOr)         │                   │            │ any[0][0]         │
├─────────────────────┼───────────────────┼────────────┼───────────────────┤
│ bigru_2             │ (None, 384, 256)  │    493,056 │ res_1[0][0],      │
│ (Bidirectional)     │                   │            │ logical_or[0][0]  │
├─────────────────────┼───────────────────┼────────────┼───────────────────┤
│ ln_2                │ (None, 384, 256)  │        512 │ bigru_2[0][0]     │
│ (LayerNormalizatio… │                   │            │                   │
├─────────────────────┼───────────────────┼────────────┼───────────────────┤
│ skip2_proj (Dense)  │ (None, 384, 256)  │    131,072 │ res_1[0][0]       │
├─────────────────────┼───────────────────┼────────────┼───────────────────┤
│ res_2 (Add)         │ (None, 384, 256)  │          0 │ ln_2[0][0],       │
│                     │                   │            │ skip2_proj[0][0]  │
├─────────────────────┼───────────────────┼────────────┼───────────────────┤
│ attn_proj (Dense)   │ (None, 384, 64)   │     16,448 │ res_2[0][0]       │
├─────────────────────┼───────────────────┼────────────┼───────────────────┤
│ attn_score (Dense)  │ (None, 384, 1)    │         65 │ attn_proj[0][0]   │
├─────────────────────┼───────────────────┼────────────┼───────────────────┤
│ attn_squeeze        │ (None, 384)       │          0 │ attn_score[0][0]  │
│ (Squeeze)           │                   │            │                   │
├─────────────────────┼───────────────────┼────────────┼───────────────────┤
│ logical_or_1        │ (None, 384)       │          0 │ logical_or[0][0], │
│ (LogicalOr)         │                   │            │ logical_or[0][0]  │
├─────────────────────┼───────────────────┼────────────┼───────────────────┤
│ attn_weights        │ (None, 384)       │          0 │ attn_squeeze[0][… │
│ (Softmax)           │                   │            │ logical_or_1[0][… │
├─────────────────────┼───────────────────┼────────────┼───────────────────┤
│ attn_expand         │ (None, 384, 1)    │          0 │ attn_weights[0][… │
│ (ExpandDims)        │                   │            │                   │
├─────────────────────┼───────────────────┼────────────┼───────────────────┤
│ attn_apply          │ (None, 384, 256)  │          0 │ res_2[0][0],      │
│ (Multiply)          │                   │            │ attn_expand[0][0] │
├─────────────────────┼───────────────────┼────────────┼───────────────────┤
│ attn_sum            │ (None, 256)       │          0 │ attn_apply[0][0]  │
│ (ReduceSum)         │                   │            │                   │
├─────────────────────┼───────────────────┼────────────┼───────────────────┤
│ gap                 │ (None, 256)       │          0 │ res_2[0][0],      │
│ (GlobalAveragePool… │                   │            │ logical_or_1[0][… │
├─────────────────────┼───────────────────┼────────────┼───────────────────┤
│ gmp                 │ (None, 256)       │          0 │ res_2[0][0]       │
│ (MaskableGlobalMax… │                   │            │                   │
├─────────────────────┼───────────────────┼────────────┼───────────────────┤
│ concat              │ (None, 768)       │          0 │ attn_sum[0][0],   │
│ (Concatenate)       │                   │            │ gap[0][0],        │
│                     │                   │            │ gmp[0][0]         │
├─────────────────────┼───────────────────┼────────────┼───────────────────┤
│ pool_proj (Dense)   │ (None, 256)       │    196,608 │ concat[0][0]      │
├─────────────────────┼───────────────────┼────────────┼───────────────────┤
│ pool_ln             │ (None, 256)       │        512 │ pool_proj[0][0]   │
│ (LayerNormalizatio… │                   │            │                   │
├─────────────────────┼───────────────────┼────────────┼───────────────────┤
│ logical_or_2        │ (None, 384)       │          0 │ logical_or_1[0][… │
│ (LogicalOr)         │                   │            │ logical_or_1[0][… │
├─────────────────────┼───────────────────┼────────────┼───────────────────┤
│ ones_like           │ (None, 256)       │          0 │ gap[0][0]         │
│ (OnesLike)          │                   │            │                   │
├─────────────────────┼───────────────────┼────────────┼───────────────────┤
│ pool_act            │ (None, 256)       │          0 │ pool_ln[0][0]     │
│ (Activation)        │                   │            │                   │
├─────────────────────┼───────────────────┼────────────┼───────────────────┤
│ concatenate         │ (None, 1024)      │          0 │ logical_or_2[0][… │
│ (Concatenate)       │                   │            │ ones_like[0][0],  │
│                     │                   │            │ logical_or_1[0][… │
├─────────────────────┼───────────────────┼────────────┼───────────────────┤
│ head_dense (Dense)  │ (None, 256)       │     65,536 │ pool_act[0][0]    │
├─────────────────────┼───────────────────┼────────────┼───────────────────┤
│ any_1 (Any)         │ (None)            │          0 │ concatenate[0][0] │
├─────────────────────┼───────────────────┼────────────┼───────────────────┤
│ head_bn             │ (None, 256)       │      1,024 │ head_dense[0][0], │
│ (BatchNormalizatio… │                   │            │ any_1[0][0]       │
├─────────────────────┼───────────────────┼────────────┼───────────────────┤
│ head_drop (Dropout) │ (None, 256)       │          0 │ head_bn[0][0]     │
├─────────────────────┼───────────────────┼────────────┼───────────────────┤
│ classifier (Dense)  │ (None, 250)       │     64,250 │ head_drop[0][0]   │
└─────────────────────┴───────────────────┴────────────┴───────────────────┘
 Total params: 2,435,451 (9.29 MB)
 Trainable params: 2,434,427 (9.29 MB)
 Non-trainable params: 1,024 (4.00 KB)

[2026-04-07 04:46:30] [BiGRU] [INFO]  Parameters — total: 2,435,451  trainable: 2,434,427
[2026-04-07 04:46:32] [BiGRU] [INFO]  Architecture diagram saved: /kaggle/working/BiGRU/plots/BiGRU_architecture.png
[2026-04-07 04:46:32] [BiGRU] [INFO]  Optimiser : Adam + WarmupCosineDecay
[2026-04-07 04:46:32] [BiGRU] [INFO]  Peak LR   : 1.00e-03  |  Min LR: 1.00e-06  |  Warm-up steps: 2950
[2026-04-07 04:46:32] [BiGRU] [INFO]  Checkpoint restored: /kaggle/working/BiGRU/checkpoints/last/ckpt-49 — resuming from epoch 26.
[2026-04-07 04:46:32] [BiGRU] [INFO]  Loaded 25 existing history rows from CSV.
[2026-04-07 05:36:38] [BiGRU] [INFO]  Epoch 026/100 | loss=2.4976 acc=0.5864 top5=0.7950 | val_loss=1.8338 val_acc=0.7536 val_top5=0.9120 | 3005.7s
[2026-04-07 05:36:38] [BiGRU] [INFO]    Best model saved — val_accuracy=0.7536
[2026-04-07 06:09:17] [BiGRU] [INFO]  Epoch 027/100 | loss=2.4769 acc=0.5894 top5=0.7994 | val_loss=1.8263 val_acc=0.7543 val_top5=0.9159 | 1958.8s
[2026-04-07 06:09:18] [BiGRU] [INFO]    Best model saved — val_accuracy=0.7543
[2026-04-07 06:39:07] [BiGRU] [INFO]  Epoch 028/100 | loss=2.4584 acc=0.5948 top5=0.8026 | val_loss=1.8111 val_acc=0.7609 val_top5=0.9153 | 1789.8s
[2026-04-07 06:39:08] [BiGRU] [INFO]    Best model saved — val_accuracy=0.7609
[2026-04-07 07:07:21] [BiGRU] [INFO]  Epoch 029/100 | loss=2.4355 acc=0.6040 top5=0.8067 | val_loss=1.8063 val_acc=0.7628 val_top5=0.9189 | 1693.5s
[2026-04-07 07:07:22] [BiGRU] [INFO]    Best model saved — val_accuracy=0.7628
[2026-04-07 07:32:08] [BiGRU] [INFO]  Epoch 030/100 | loss=2.4198 acc=0.6038 top5=0.8091 | val_loss=1.7940 val_acc=0.7644 val_top5=0.9185 | 1486.6s
[2026-04-07 07:32:09] [BiGRU] [INFO]    Best model saved — val_accuracy=0.7644
[2026-04-07 08:05:26] [BiGRU] [INFO]  Epoch 031/100 | loss=2.3985 acc=0.6121 top5=0.8122 | val_loss=1.7770 val_acc=0.7698 val_top5=0.9209 | 1997.0s
[2026-04-07 08:05:26] [BiGRU] [INFO]    Best model saved — val_accuracy=0.7698
[2026-04-07 08:35:34] [BiGRU] [INFO]  Epoch 032/100 | loss=2.3853 acc=0.6145 top5=0.8152 | val_loss=1.7735 val_acc=0.7705 val_top5=0.9204 | 1808.4s
[2026-04-07 08:35:35] [BiGRU] [INFO]    Best model saved — val_accuracy=0.7705
[2026-04-07 09:00:43] [BiGRU] [INFO]  Epoch 033/100 | loss=2.3744 acc=0.6154 top5=0.8164 | val_loss=1.7599 val_acc=0.7710 val_top5=0.9206 | 1508.1s
[2026-04-07 09:00:44] [BiGRU] [INFO]    Best model saved — val_accuracy=0.7710
[2026-04-07 09:24:40] [BiGRU] [INFO]  Epoch 034/100 | loss=2.3582 acc=0.6221 top5=0.8192 | val_loss=1.7604 val_acc=0.7740 val_top5=0.9236 | 1436.5s
[2026-04-07 09:24:41] [BiGRU] [INFO]    Best model saved — val_accuracy=0.7740
[2026-04-07 09:49:22] [BiGRU] [INFO]  Epoch 035/100 | loss=2.3397 acc=0.6277 top5=0.8216 | val_loss=1.7622 val_acc=0.7730 val_top5=0.9210 | 1481.8s
[2026-04-07 09:49:23] [BiGRU] [INFO]    No improvement for 1/20 epochs.
[2026-04-07 10:16:07] [BiGRU] [INFO]  Epoch 036/100 | loss=2.3307 acc=0.6295 top5=0.8228 | val_loss=1.7514 val_acc=0.7793 val_top5=0.9232 | 1604.8s
[2026-04-07 10:16:08] [BiGRU] [INFO]    Best model saved — val_accuracy=0.7793
[2026-04-07 10:43:24] [BiGRU] [INFO]  Epoch 037/100 | loss=2.3116 acc=0.6348 top5=0.8274 | val_loss=1.7445 val_acc=0.7770 val_top5=0.9221 | 1636.3s
[2026-04-07 10:43:24] [BiGRU] [INFO]    No improvement for 1/20 epochs.
[2026-04-07 11:08:42] [BiGRU] [INFO]  Epoch 038/100 | loss=2.3115 acc=0.6363 top5=0.8256 | val_loss=1.7408 val_acc=0.7791 val_top5=0.9241 | 1518.0s
[2026-04-07 11:08:42] [BiGRU] [INFO]    No improvement for 2/20 epochs.
[2026-04-07 11:36:53] [BiGRU] [INFO]  Epoch 039/100 | loss=2.2943 acc=0.6416 top5=0.8288 | val_loss=1.7299 val_acc=0.7849 val_top5=0.9243 | 1690.4s
[2026-04-07 11:36:53] [BiGRU] [INFO]    Best model saved — val_accuracy=0.7849
[2026-04-07 12:04:47] [BiGRU] [INFO]  Epoch 040/100 | loss=2.2831 acc=0.6450 top5=0.8296 | val_loss=1.7232 val_acc=0.7863 val_top5=0.9252 | 1673.4s
[2026-04-07 12:04:47] [BiGRU] [INFO]    Best model saved — val_accuracy=0.7863
[2026-04-07 12:38:48] [BiGRU] [INFO]  Epoch 041/100 | loss=2.2746 acc=0.6455 top5=0.8324 | val_loss=1.7199 val_acc=0.7890 val_top5=0.9240 | 2040.8s
[2026-04-07 12:38:48] [BiGRU] [INFO]    Best model saved — val_accuracy=0.7890
[2026-04-07 13:08:22] [BiGRU] [INFO]  Epoch 042/100 | loss=2.2619 acc=0.6500 top5=0.8340 | val_loss=1.7039 val_acc=0.7901 val_top5=0.9263 | 1774.0s
[2026-04-07 13:08:22] [BiGRU] [INFO]    Best model saved — val_accuracy=0.7901
[2026-04-07 13:40:29] [BiGRU] [INFO]  Epoch 043/100 | loss=2.2503 acc=0.6517 top5=0.8345 | val_loss=1.7029 val_acc=0.7905 val_top5=0.9284 | 1926.4s
[2026-04-07 13:40:29] [BiGRU] [INFO]    Best model saved — val_accuracy=0.7905
[2026-04-07 14:13:41] [BiGRU] [INFO]  Epoch 044/100 | loss=2.2389 acc=0.6568 top5=0.8369 | val_loss=1.6964 val_acc=0.7938 val_top5=0.9282 | 1992.1s
[2026-04-07 14:13:41] [BiGRU] [INFO]    Best model saved — val_accuracy=0.7938
[2026-04-07 14:51:29] [BiGRU] [INFO]  Epoch 045/100 | loss=2.2292 acc=0.6590 top5=0.8391 | val_loss=1.6847 val_acc=0.7977 val_top5=0.9285 | 2267.5s
[2026-04-07 14:51:29] [BiGRU] [INFO]    Best model saved — val_accuracy=0.7977
[2026-04-07 15:21:07] [BiGRU] [INFO]  Epoch 046/100 | loss=2.2210 acc=0.6613 top5=0.8398 | val_loss=1.6949 val_acc=0.7982 val_top5=0.9281 | 1777.3s
[2026-04-07 15:21:07] [BiGRU] [INFO]    Best model saved — val_accuracy=0.7982
[2026-04-07 15:49:44] [BiGRU] [INFO]  Epoch 047/100 | loss=2.2118 acc=0.6629 top5=0.8408 | val_loss=1.6962 val_acc=0.7953 val_top5=0.9301 | 1717.0s
[2026-04-07 15:49:44] [BiGRU] [INFO]    No improvement for 1/20 epochs.
[2026-04-07 16:15:14] [BiGRU] [INFO]  Epoch 048/100 | loss=2.1986 acc=0.6693 top5=0.8443 | val_loss=1.6834 val_acc=0.7983 val_top5=0.9308 | 1530.0s
[2026-04-07 16:15:14] [BiGRU] [INFO]    Best model saved — val_accuracy=0.7983
[2026-04-07 16:44:30] [BiGRU] [INFO]  Epoch 049/100 | loss=2.1883 acc=0.6710 top5=0.8450 | val_loss=1.6817 val_acc=0.7982 val_top5=0.9309 | 1755.2s
[2026-04-07 16:44:30] [BiGRU] [INFO]    No improvement for 1/20 epochs.
