[2026-04-08 09:58:07] [BiGRU] [INFO]  Logger initialised — writing to: /kaggle/working/BiGRU/logs/BiGRU_20260408_095807.log
[2026-04-08 09:58:07] [BiGRU] [INFO]  Output directories ready: /kaggle/working/BiGRU
[2026-04-08 09:58:07] [BiGRU] [INFO]  DATA_DIR     : /kaggle/input/competitions/asl-signs  exists=True
[2026-04-08 09:58:07] [BiGRU] [INFO]  TRAIN_CSV    : /kaggle/input/competitions/asl-signs/train.csv  exists=True
[2026-04-08 09:58:07] [BiGRU] [INFO]  LANDMARK_DIR : /kaggle/input/competitions/asl-signs/train_landmark_files  exists=True
[2026-04-08 09:58:07] [BiGRU] [INFO]  Parquet participant folders found: 21
[2026-04-08 09:58:08] [BiGRU] [INFO]  train.csv: 94477 rows | 250 unique signs | 21 participants
[2026-04-08 09:58:08] [BiGRU] [INFO]  Selected landmark nodes: 118  |  Feature channels: 708
[2026-04-08 09:58:08] [BiGRU] [INFO]  Preprocess layer instantiated.
[2026-04-08 09:58:08] [BiGRU] [INFO]  Encoded 250 unique sign classes.
[2026-04-08 09:58:08] [BiGRU] [INFO]  Running pipeline sanity check on 10 samples...
[2026-04-08 09:58:10] [BiGRU] [INFO]  Sanity check X: (2, 384, 708)  Y: (2, 250)  dtype: <dtype: 'float32'>
[2026-04-08 09:58:10] [BiGRU] [INFO]  Feature tensor — shape: (2, 384, 708)  min: -100.0000  max: 4.2930  mean: -95.5772
[2026-04-08 09:58:10] [BiGRU] [INFO]  Label tensor   — shape: (2, 250)  active class: 25  (blow)
[2026-04-08 09:58:11] [BiGRU] [INFO]  Performing stratified 80/10/10 split  seed=42.
[2026-04-08 09:58:11] [BiGRU] [INFO]  Training   : 75581 samples  (80.0%)
[2026-04-08 09:58:11] [BiGRU] [INFO]  Validation : 9448 samples  (10.0%)
[2026-04-08 09:58:11] [BiGRU] [INFO]  Test       : 9448 samples  (10.0%)
[2026-04-08 09:58:12] [BiGRU] [INFO]  Steps/epoch: 590  |  Val steps: 73  |  Test steps: 73
[2026-04-08 09:58:12] [BiGRU] [INFO]  =========================================================
       DATASET REPORT — BiGRU
=========================================================
Total sequences         : 94477
Unique classes          : 250
Selected landmark nodes : 118
Feature channels        : 708
Max sequence length     : 384 frames
Input tensor shape      : (Batch, 384, 708)
---------------------------------------------------------
Training   : 75581 samples
Validation : 9448 samples
Test       : 9448 samples
---------------------------------------------------------
[Train] max=332  min=239  mean=302.3
[Val]   max=42  min=30  mean=37.8
[Test]  max=41  min=30  mean=37.8
=========================================================

[2026-04-08 09:58:12] [BiGRU] [INFO]  Pre-training report saved.
[2026-04-08 09:58:14] [BiGRU] [INFO]  Model: "BiGRU"
┏━━━━━━━━━━━━━━━━━━━━━┳━━━━━━━━━━━━━━━━━━━┳━━━━━━━━━━━━┳━━━━━━━━━━━━━━━━━━━┓
┃ Layer (type)        ┃ Output Shape      ┃    Param # ┃ Connected to      ┃
┡━━━━━━━━━━━━━━━━━━━━━╇━━━━━━━━━━━━━━━━━━━╇━━━━━━━━━━━━╇━━━━━━━━━━━━━━━━━━━┩
│ input_features      │ (None, 384, 708)  │          0 │ -                 │
│ (InputLayer)        │                   │            │                   │
├─────────────────────┼───────────────────┼────────────┼───────────────────┤
│ cast (Cast)         │ (None, 384, 708)  │          0 │ input_features[0… │
├─────────────────────┼───────────────────┼────────────┼───────────────────┤
│ masking (Masking)   │ (None, 384, 708)  │          0 │ input_features[0… │
├─────────────────────┼───────────────────┼────────────┼───────────────────┤
│ not_equal           │ (None, 384, 708)  │          0 │ cast[0][0]        │
│ (NotEqual)          │                   │            │                   │
├─────────────────────┼───────────────────┼────────────┼───────────────────┤
│ stem_conv           │ (None, 384, 256)  │    543,744 │ masking[0][0]     │
│ (MaskableConv1D)    │                   │            │                   │
├─────────────────────┼───────────────────┼────────────┼───────────────────┤
│ any (Any)           │ (None, 384)       │          0 │ not_equal[0][0]   │
├─────────────────────┼───────────────────┼────────────┼───────────────────┤
│ stem_bn             │ (None, 384, 256)  │      1,024 │ stem_conv[0][0],  │
│ (BatchNormalizatio… │                   │            │ any[0][0]         │
├─────────────────────┼───────────────────┼────────────┼───────────────────┤
│ stem_act            │ (None, 384, 256)  │          0 │ stem_bn[0][0]     │
│ (Activation)        │                   │            │                   │
├─────────────────────┼───────────────────┼────────────┼───────────────────┤
│ stem_drop           │ (None, 384, 256)  │          0 │ stem_act[0][0]    │
│ (SpatialDropout1D)  │                   │            │                   │
├─────────────────────┼───────────────────┼────────────┼───────────────────┤
│ bigru_1             │ (None, 384, 512)  │    789,504 │ stem_drop[0][0],  │
│ (Bidirectional)     │                   │            │ any[0][0]         │
├─────────────────────┼───────────────────┼────────────┼───────────────────┤
│ ln_1                │ (None, 384, 512)  │      1,024 │ bigru_1[0][0]     │
│ (LayerNormalizatio… │                   │            │                   │
├─────────────────────┼───────────────────┼────────────┼───────────────────┤
│ skip1_proj (Dense)  │ (None, 384, 512)  │    131,072 │ stem_drop[0][0]   │
├─────────────────────┼───────────────────┼────────────┼───────────────────┤
│ res_1 (Add)         │ (None, 384, 512)  │          0 │ ln_1[0][0],       │
│                     │                   │            │ skip1_proj[0][0]  │
├─────────────────────┼───────────────────┼────────────┼───────────────────┤
│ logical_or          │ (None, 384)       │          0 │ any[0][0],        │
│ (LogicalOr)         │                   │            │ any[0][0]         │
├─────────────────────┼───────────────────┼────────────┼───────────────────┤
│ bigru_2             │ (None, 384, 256)  │    493,056 │ res_1[0][0],      │
│ (Bidirectional)     │                   │            │ logical_or[0][0]  │
├─────────────────────┼───────────────────┼────────────┼───────────────────┤
│ ln_2                │ (None, 384, 256)  │        512 │ bigru_2[0][0]     │
│ (LayerNormalizatio… │                   │            │                   │
├─────────────────────┼───────────────────┼────────────┼───────────────────┤
│ skip2_proj (Dense)  │ (None, 384, 256)  │    131,072 │ res_1[0][0]       │
├─────────────────────┼───────────────────┼────────────┼───────────────────┤
│ res_2 (Add)         │ (None, 384, 256)  │          0 │ ln_2[0][0],       │
│                     │                   │            │ skip2_proj[0][0]  │
├─────────────────────┼───────────────────┼────────────┼───────────────────┤
│ attn_proj (Dense)   │ (None, 384, 64)   │     16,448 │ res_2[0][0]       │
├─────────────────────┼───────────────────┼────────────┼───────────────────┤
│ attn_score (Dense)  │ (None, 384, 1)    │         65 │ attn_proj[0][0]   │
├─────────────────────┼───────────────────┼────────────┼───────────────────┤
│ attn_squeeze        │ (None, 384)       │          0 │ attn_score[0][0]  │
│ (Squeeze)           │                   │            │                   │
├─────────────────────┼───────────────────┼────────────┼───────────────────┤
│ logical_or_1        │ (None, 384)       │          0 │ logical_or[0][0], │
│ (LogicalOr)         │                   │            │ logical_or[0][0]  │
├─────────────────────┼───────────────────┼────────────┼───────────────────┤
│ attn_weights        │ (None, 384)       │          0 │ attn_squeeze[0][… │
│ (Softmax)           │                   │            │ logical_or_1[0][… │
├─────────────────────┼───────────────────┼────────────┼───────────────────┤
│ attn_expand         │ (None, 384, 1)    │          0 │ attn_weights[0][… │
│ (ExpandDims)        │                   │            │                   │
├─────────────────────┼───────────────────┼────────────┼───────────────────┤
│ attn_apply          │ (None, 384, 256)  │          0 │ res_2[0][0],      │
│ (Multiply)          │                   │            │ attn_expand[0][0] │
├─────────────────────┼───────────────────┼────────────┼───────────────────┤
│ attn_sum            │ (None, 256)       │          0 │ attn_apply[0][0]  │
│ (ReduceSum)         │                   │            │                   │
├─────────────────────┼───────────────────┼────────────┼───────────────────┤
│ gap                 │ (None, 256)       │          0 │ res_2[0][0],      │
│ (GlobalAveragePool… │                   │            │ logical_or_1[0][… │
├─────────────────────┼───────────────────┼────────────┼───────────────────┤
│ gmp                 │ (None, 256)       │          0 │ res_2[0][0]       │
│ (MaskableGlobalMax… │                   │            │                   │
├─────────────────────┼───────────────────┼────────────┼───────────────────┤
│ concat              │ (None, 768)       │          0 │ attn_sum[0][0],   │
│ (Concatenate)       │                   │            │ gap[0][0],        │
│                     │                   │            │ gmp[0][0]         │
├─────────────────────┼───────────────────┼────────────┼───────────────────┤
│ pool_proj (Dense)   │ (None, 256)       │    196,608 │ concat[0][0]      │
├─────────────────────┼───────────────────┼────────────┼───────────────────┤
│ pool_ln             │ (None, 256)       │        512 │ pool_proj[0][0]   │
│ (LayerNormalizatio… │                   │            │                   │
├─────────────────────┼───────────────────┼────────────┼───────────────────┤
│ logical_or_2        │ (None, 384)       │          0 │ logical_or_1[0][… │
│ (LogicalOr)         │                   │            │ logical_or_1[0][… │
├─────────────────────┼───────────────────┼────────────┼───────────────────┤
│ ones_like           │ (None, 256)       │          0 │ gap[0][0]         │
│ (OnesLike)          │                   │            │                   │
├─────────────────────┼───────────────────┼────────────┼───────────────────┤
│ pool_act            │ (None, 256)       │          0 │ pool_ln[0][0]     │
│ (Activation)        │                   │            │                   │
├─────────────────────┼───────────────────┼────────────┼───────────────────┤
│ concatenate         │ (None, 1024)      │          0 │ logical_or_2[0][… │
│ (Concatenate)       │                   │            │ ones_like[0][0],  │
│                     │                   │            │ logical_or_1[0][… │
├─────────────────────┼───────────────────┼────────────┼───────────────────┤
│ head_dense (Dense)  │ (None, 256)       │     65,536 │ pool_act[0][0]    │
├─────────────────────┼───────────────────┼────────────┼───────────────────┤
│ any_1 (Any)         │ (None)            │          0 │ concatenate[0][0] │
├─────────────────────┼───────────────────┼────────────┼───────────────────┤
│ head_bn             │ (None, 256)       │      1,024 │ head_dense[0][0], │
│ (BatchNormalizatio… │                   │            │ any_1[0][0]       │
├─────────────────────┼───────────────────┼────────────┼───────────────────┤
│ head_drop (Dropout) │ (None, 256)       │          0 │ head_bn[0][0]     │
├─────────────────────┼───────────────────┼────────────┼───────────────────┤
│ classifier (Dense)  │ (None, 250)       │     64,250 │ head_drop[0][0]   │
└─────────────────────┴───────────────────┴────────────┴───────────────────┘
 Total params: 2,435,451 (9.29 MB)
 Trainable params: 2,434,427 (9.29 MB)
 Non-trainable params: 1,024 (4.00 KB)

[2026-04-08 09:58:14] [BiGRU] [INFO]  Parameters — total: 2,435,451  trainable: 2,434,427
[2026-04-08 09:58:16] [BiGRU] [INFO]  Architecture diagram saved: /kaggle/working/BiGRU/plots/BiGRU_architecture.png
[2026-04-08 09:58:16] [BiGRU] [INFO]  Optimiser : Adam + WarmupCosineDecay
[2026-04-08 09:58:16] [BiGRU] [INFO]  Peak LR   : 1.00e-03  |  Min LR: 1.00e-06  |  Warm-up steps: 2950
[2026-04-08 09:58:16] [BiGRU] [INFO]  Checkpoint restored: /kaggle/working/BiGRU/checkpoints/last/ckpt-132 — resuming from epoch 76.
[2026-04-08 09:58:16] [BiGRU] [INFO]  Loaded 75 existing history rows from CSV.
[2026-04-08 10:35:16] [BiGRU] [INFO]  Epoch 076/100 | loss=1.9704 acc=0.7357 top5=0.8754 | val_loss=1.5972 val_acc=0.8205 val_top5=0.9372 | 2219.6s
[2026-04-08 10:35:16] [BiGRU] [INFO]    No improvement for 1/20 epochs.
[2026-04-08 11:05:53] [BiGRU] [INFO]  Epoch 077/100 | loss=1.9606 acc=0.7384 top5=0.8769 | val_loss=1.5976 val_acc=0.8236 val_top5=0.9366 | 1836.3s
[2026-04-08 11:05:53] [BiGRU] [INFO]    Best model saved — val_accuracy=0.8236
[2026-04-08 11:33:03] [BiGRU] [INFO]  Epoch 078/100 | loss=1.9527 acc=0.7405 top5=0.8796 | val_loss=1.5955 val_acc=0.8230 val_top5=0.9378 | 1630.2s
[2026-04-08 11:33:03] [BiGRU] [INFO]    No improvement for 1/20 epochs.
[2026-04-08 11:57:57] [BiGRU] [INFO]  Epoch 079/100 | loss=1.9499 acc=0.7413 top5=0.8789 | val_loss=1.5948 val_acc=0.8227 val_top5=0.9386 | 1493.6s
[2026-04-08 11:57:57] [BiGRU] [INFO]    No improvement for 2/20 epochs.
[2026-04-08 12:22:29] [BiGRU] [INFO]  Epoch 080/100 | loss=1.9378 acc=0.7458 top5=0.8812 | val_loss=1.5918 val_acc=0.8241 val_top5=0.9376 | 1471.9s
[2026-04-08 12:22:29] [BiGRU] [INFO]    Best model saved — val_accuracy=0.8241
[2026-04-08 12:46:43] [BiGRU] [INFO]  Epoch 081/100 | loss=1.9274 acc=0.7493 top5=0.8823 | val_loss=1.5952 val_acc=0.8225 val_top5=0.9391 | 1453.8s
[2026-04-08 12:46:43] [BiGRU] [INFO]    No improvement for 1/20 epochs.
[2026-04-08 13:14:48] [BiGRU] [INFO]  Epoch 082/100 | loss=1.9236 acc=0.7497 top5=0.8832 | val_loss=1.5920 val_acc=0.8243 val_top5=0.9394 | 1685.0s
[2026-04-08 13:14:49] [BiGRU] [INFO]    Best model saved — val_accuracy=0.8243
[2026-04-08 13:40:37] [BiGRU] [INFO]  Epoch 083/100 | loss=1.9250 acc=0.7479 top5=0.8840 | val_loss=1.5932 val_acc=0.8251 val_top5=0.9389 | 1548.5s
[2026-04-08 13:40:37] [BiGRU] [INFO]    Best model saved — val_accuracy=0.8251
[2026-04-08 14:04:56] [BiGRU] [INFO]  Epoch 084/100 | loss=1.9178 acc=0.7522 top5=0.8838 | val_loss=1.5917 val_acc=0.8244 val_top5=0.9396 | 1458.2s
[2026-04-08 14:04:56] [BiGRU] [INFO]    No improvement for 1/20 epochs.
[2026-04-08 14:29:46] [BiGRU] [INFO]  Epoch 085/100 | loss=1.9110 acc=0.7547 top5=0.8847 | val_loss=1.5879 val_acc=0.8235 val_top5=0.9386 | 1489.9s
[2026-04-08 14:29:46] [BiGRU] [INFO]    No improvement for 2/20 epochs.
[2026-04-08 14:53:30] [BiGRU] [INFO]  Epoch 086/100 | loss=1.9078 acc=0.7556 top5=0.8850 | val_loss=1.5905 val_acc=0.8241 val_top5=0.9400 | 1423.7s
[2026-04-08 14:53:30] [BiGRU] [INFO]    No improvement for 3/20 epochs.
[2026-04-08 15:17:12] [BiGRU] [INFO]  Epoch 087/100 | loss=1.8953 acc=0.7591 top5=0.8885 | val_loss=1.5887 val_acc=0.8246 val_top5=0.9387 | 1421.8s
[2026-04-08 15:17:12] [BiGRU] [INFO]    No improvement for 4/20 epochs.
[2026-04-08 15:40:34] [BiGRU] [INFO]  Epoch 088/100 | loss=1.9045 acc=0.7572 top5=0.8845 | val_loss=1.5871 val_acc=0.8253 val_top5=0.9401 | 1401.8s
[2026-04-08 15:40:34] [BiGRU] [INFO]    Best model saved — val_accuracy=0.8253
[2026-04-08 16:04:05] [BiGRU] [INFO]  Epoch 089/100 | loss=1.8904 acc=0.7604 top5=0.8884 | val_loss=1.5869 val_acc=0.8263 val_top5=0.9390 | 1411.0s
[2026-04-08 16:04:06] [BiGRU] [INFO]    Best model saved — val_accuracy=0.8263
[2026-04-08 16:27:10] [BiGRU] [INFO]  Epoch 090/100 | loss=1.8912 acc=0.7590 top5=0.8872 | val_loss=1.5867 val_acc=0.8258 val_top5=0.9397 | 1384.8s
[2026-04-08 16:27:11] [BiGRU] [INFO]    No improvement for 1/20 epochs.
[2026-04-08 16:51:11] [BiGRU] [INFO]  Epoch 091/100 | loss=1.8894 acc=0.7611 top5=0.8885 | val_loss=1.5853 val_acc=0.8262 val_top5=0.9396 | 1440.3s
[2026-04-08 16:51:11] [BiGRU] [INFO]    No improvement for 2/20 epochs.
[2026-04-08 17:14:15] [BiGRU] [INFO]  Epoch 092/100 | loss=1.8857 acc=0.7616 top5=0.8895 | val_loss=1.5855 val_acc=0.8266 val_top5=0.9400 | 1384.4s
[2026-04-08 17:14:16] [BiGRU] [INFO]    Best model saved — val_accuracy=0.8266
[2026-04-08 17:37:38] [BiGRU] [INFO]  Epoch 093/100 | loss=1.8799 acc=0.7643 top5=0.8894 | val_loss=1.5836 val_acc=0.8264 val_top5=0.9395 | 1401.9s
[2026-04-08 17:37:38] [BiGRU] [INFO]    No improvement for 1/20 epochs.
[2026-04-08 18:00:05] [BiGRU] [INFO]  Epoch 094/100 | loss=1.8765 acc=0.7645 top5=0.8897 | val_loss=1.5835 val_acc=0.8275 val_top5=0.9391 | 1347.3s
[2026-04-08 18:00:05] [BiGRU] [INFO]    Best model saved — val_accuracy=0.8275
[2026-04-08 18:23:36] [BiGRU] [INFO]  Epoch 095/100 | loss=1.8762 acc=0.7654 top5=0.8899 | val_loss=1.5855 val_acc=0.8260 val_top5=0.9395 | 1410.8s
[2026-04-08 18:23:36] [BiGRU] [INFO]    No improvement for 1/20 epochs.
[2026-04-08 18:47:09] [BiGRU] [INFO]  Epoch 096/100 | loss=1.8754 acc=0.7650 top5=0.8905 | val_loss=1.5833 val_acc=0.8268 val_top5=0.9392 | 1412.9s
[2026-04-08 18:47:09] [BiGRU] [INFO]    No improvement for 2/20 epochs.
[2026-04-08 19:10:18] [BiGRU] [INFO]  Epoch 097/100 | loss=1.8736 acc=0.7655 top5=0.8904 | val_loss=1.5862 val_acc=0.8272 val_top5=0.9397 | 1388.3s
[2026-04-08 19:10:18] [BiGRU] [INFO]    No improvement for 3/20 epochs.
[2026-04-08 19:32:18] [BiGRU] [INFO]  Epoch 098/100 | loss=1.8677 acc=0.7683 top5=0.8913 | val_loss=1.5846 val_acc=0.8274 val_top5=0.9400 | 1320.4s
[2026-04-08 19:32:18] [BiGRU] [INFO]    No improvement for 4/20 epochs.
[2026-04-08 19:55:37] [BiGRU] [INFO]  Epoch 099/100 | loss=1.8675 acc=0.7699 top5=0.8912 | val_loss=1.5848 val_acc=0.8265 val_top5=0.9394 | 1398.3s
[2026-04-08 19:55:37] [BiGRU] [INFO]    No improvement for 5/20 epochs.
[2026-04-08 20:18:27] [BiGRU] [INFO]  Epoch 100/100 | loss=1.9417 acc=0.7441 top5=0.8796 | val_loss=1.5850 val_acc=0.8266 val_top5=0.9395 | 1370.5s
[2026-04-08 20:18:28] [BiGRU] [INFO]    No improvement for 6/20 epochs.
[2026-04-08 20:18:28] [BiGRU] [INFO]  Training completed successfully.
[2026-04-08 20:18:29] [BiGRU] [INFO]  Training history plot saved: /kaggle/working/BiGRU/plots/BiGRU_training_history.png
[2026-04-08 20:18:29] [BiGRU] [INFO]  Best checkpoint restored: /kaggle/working/BiGRU/checkpoints/best/ckpt-159
[2026-04-08 20:22:18] [BiGRU] [INFO]  =========================================================
[2026-04-08 20:22:18] [BiGRU] [INFO]    FINAL TEST RESULTS — BiGRU
[2026-04-08 20:22:18] [BiGRU] [INFO]    Loss     : 1.6111
[2026-04-08 20:22:18] [BiGRU] [INFO]    Accuracy : 0.8174  (81.74%)
[2026-04-08 20:22:18] [BiGRU] [INFO]    Top-5    : 0.9358  (93.58%)
[2026-04-08 20:22:18] [BiGRU] [INFO]  =========================================================
[2026-04-08 20:24:49] [BiGRU] [INFO]  Per-sample predictions saved: /kaggle/working/BiGRU/predictions/BiGRU_test_predictions.csv  (9344 rows)  accuracy=0.8174
[2026-04-08 20:24:49] [BiGRU] [INFO]  Global comparison summary updated: /kaggle/working/model_comparison_summary.csv
