[2026-04-07 20:02:49] [BiGRU] [INFO]  Logger initialised — writing to: /kaggle/working/BiGRU/logs/BiGRU_20260407_200249.log
[2026-04-07 20:02:49] [BiGRU] [INFO]  Output directories ready: /kaggle/working/BiGRU
[2026-04-07 20:02:49] [BiGRU] [INFO]  DATA_DIR     : /kaggle/input/competitions/asl-signs  exists=True
[2026-04-07 20:02:49] [BiGRU] [INFO]  TRAIN_CSV    : /kaggle/input/competitions/asl-signs/train.csv  exists=True
[2026-04-07 20:02:49] [BiGRU] [INFO]  LANDMARK_DIR : /kaggle/input/competitions/asl-signs/train_landmark_files  exists=True
[2026-04-07 20:02:49] [BiGRU] [INFO]  Parquet participant folders found: 21
[2026-04-07 20:02:50] [BiGRU] [INFO]  train.csv: 94477 rows | 250 unique signs | 21 participants
[2026-04-07 20:02:50] [BiGRU] [INFO]  Selected landmark nodes: 118  |  Feature channels: 708
[2026-04-07 20:02:50] [BiGRU] [INFO]  Preprocess layer instantiated.
[2026-04-07 20:02:50] [BiGRU] [INFO]  Encoded 250 unique sign classes.
[2026-04-07 20:02:50] [BiGRU] [INFO]  Running pipeline sanity check on 10 samples...
[2026-04-07 20:02:52] [BiGRU] [INFO]  Sanity check X: (2, 384, 708)  Y: (2, 250)  dtype: <dtype: 'float32'>
[2026-04-07 20:02:53] [BiGRU] [INFO]  Feature tensor — shape: (2, 384, 708)  min: -100.0000  max: 4.2930  mean: -95.5772
[2026-04-07 20:02:53] [BiGRU] [INFO]  Label tensor   — shape: (2, 250)  active class: 25  (blow)
[2026-04-07 20:02:53] [BiGRU] [INFO]  Performing stratified 80/10/10 split  seed=42.
[2026-04-07 20:02:53] [BiGRU] [INFO]  Training   : 75581 samples  (80.0%)
[2026-04-07 20:02:53] [BiGRU] [INFO]  Validation : 9448 samples  (10.0%)
[2026-04-07 20:02:53] [BiGRU] [INFO]  Test       : 9448 samples  (10.0%)
[2026-04-07 20:02:54] [BiGRU] [INFO]  Steps/epoch: 590  |  Val steps: 73  |  Test steps: 73
[2026-04-07 20:02:54] [BiGRU] [INFO]  =========================================================
       DATASET REPORT — BiGRU
=========================================================
Total sequences         : 94477
Unique classes          : 250
Selected landmark nodes : 118
Feature channels        : 708
Max sequence length     : 384 frames
Input tensor shape      : (Batch, 384, 708)
---------------------------------------------------------
Training   : 75581 samples
Validation : 9448 samples
Test       : 9448 samples
---------------------------------------------------------
[Train] max=332  min=239  mean=302.3
[Val]   max=42  min=30  mean=37.8
[Test]  max=41  min=30  mean=37.8
=========================================================

[2026-04-07 20:02:55] [BiGRU] [INFO]  Pre-training report saved.
[2026-04-07 20:02:57] [BiGRU] [INFO]  Model: "BiGRU"
┏━━━━━━━━━━━━━━━━━━━━━┳━━━━━━━━━━━━━━━━━━━┳━━━━━━━━━━━━┳━━━━━━━━━━━━━━━━━━━┓
┃ Layer (type)        ┃ Output Shape      ┃    Param # ┃ Connected to      ┃
┡━━━━━━━━━━━━━━━━━━━━━╇━━━━━━━━━━━━━━━━━━━╇━━━━━━━━━━━━╇━━━━━━━━━━━━━━━━━━━┩
│ input_features      │ (None, 384, 708)  │          0 │ -                 │
│ (InputLayer)        │                   │            │                   │
├─────────────────────┼───────────────────┼────────────┼───────────────────┤
│ cast (Cast)         │ (None, 384, 708)  │          0 │ input_features[0… │
├─────────────────────┼───────────────────┼────────────┼───────────────────┤
│ masking (Masking)   │ (None, 384, 708)  │          0 │ input_features[0… │
├─────────────────────┼───────────────────┼────────────┼───────────────────┤
│ not_equal           │ (None, 384, 708)  │          0 │ cast[0][0]        │
│ (NotEqual)          │                   │            │                   │
├─────────────────────┼───────────────────┼────────────┼───────────────────┤
│ stem_conv           │ (None, 384, 256)  │    543,744 │ masking[0][0]     │
│ (MaskableConv1D)    │                   │            │                   │
├─────────────────────┼───────────────────┼────────────┼───────────────────┤
│ any (Any)           │ (None, 384)       │          0 │ not_equal[0][0]   │
├─────────────────────┼───────────────────┼────────────┼───────────────────┤
│ stem_bn             │ (None, 384, 256)  │      1,024 │ stem_conv[0][0],  │
│ (BatchNormalizatio… │                   │            │ any[0][0]         │
├─────────────────────┼───────────────────┼────────────┼───────────────────┤
│ stem_act            │ (None, 384, 256)  │          0 │ stem_bn[0][0]     │
│ (Activation)        │                   │            │                   │
├─────────────────────┼───────────────────┼────────────┼───────────────────┤
│ stem_drop           │ (None, 384, 256)  │          0 │ stem_act[0][0]    │
│ (SpatialDropout1D)  │                   │            │                   │
├─────────────────────┼───────────────────┼────────────┼───────────────────┤
│ bigru_1             │ (None, 384, 512)  │    789,504 │ stem_drop[0][0],  │
│ (Bidirectional)     │                   │            │ any[0][0]         │
├─────────────────────┼───────────────────┼────────────┼───────────────────┤
│ ln_1                │ (None, 384, 512)  │      1,024 │ bigru_1[0][0]     │
│ (LayerNormalizatio… │                   │            │                   │
├─────────────────────┼───────────────────┼────────────┼───────────────────┤
│ skip1_proj (Dense)  │ (None, 384, 512)  │    131,072 │ stem_drop[0][0]   │
├─────────────────────┼───────────────────┼────────────┼───────────────────┤
│ res_1 (Add)         │ (None, 384, 512)  │          0 │ ln_1[0][0],       │
│                     │                   │            │ skip1_proj[0][0]  │
├─────────────────────┼───────────────────┼────────────┼───────────────────┤
│ logical_or          │ (None, 384)       │          0 │ any[0][0],        │
│ (LogicalOr)         │                   │            │ any[0][0]         │
├─────────────────────┼───────────────────┼────────────┼───────────────────┤
│ bigru_2             │ (None, 384, 256)  │    493,056 │ res_1[0][0],      │
│ (Bidirectional)     │                   │            │ logical_or[0][0]  │
├─────────────────────┼───────────────────┼────────────┼───────────────────┤
│ ln_2                │ (None, 384, 256)  │        512 │ bigru_2[0][0]     │
│ (LayerNormalizatio… │                   │            │                   │
├─────────────────────┼───────────────────┼────────────┼───────────────────┤
│ skip2_proj (Dense)  │ (None, 384, 256)  │    131,072 │ res_1[0][0]       │
├─────────────────────┼───────────────────┼────────────┼───────────────────┤
│ res_2 (Add)         │ (None, 384, 256)  │          0 │ ln_2[0][0],       │
│                     │                   │            │ skip2_proj[0][0]  │
├─────────────────────┼───────────────────┼────────────┼───────────────────┤
│ attn_proj (Dense)   │ (None, 384, 64)   │     16,448 │ res_2[0][0]       │
├─────────────────────┼───────────────────┼────────────┼───────────────────┤
│ attn_score (Dense)  │ (None, 384, 1)    │         65 │ attn_proj[0][0]   │
├─────────────────────┼───────────────────┼────────────┼───────────────────┤
│ attn_squeeze        │ (None, 384)       │          0 │ attn_score[0][0]  │
│ (Squeeze)           │                   │            │                   │
├─────────────────────┼───────────────────┼────────────┼───────────────────┤
│ logical_or_1        │ (None, 384)       │          0 │ logical_or[0][0], │
│ (LogicalOr)         │                   │            │ logical_or[0][0]  │
├─────────────────────┼───────────────────┼────────────┼───────────────────┤
│ attn_weights        │ (None, 384)       │          0 │ attn_squeeze[0][… │
│ (Softmax)           │                   │            │ logical_or_1[0][… │
├─────────────────────┼───────────────────┼────────────┼───────────────────┤
│ attn_expand         │ (None, 384, 1)    │          0 │ attn_weights[0][… │
│ (ExpandDims)        │                   │            │                   │
├─────────────────────┼───────────────────┼────────────┼───────────────────┤
│ attn_apply          │ (None, 384, 256)  │          0 │ res_2[0][0],      │
│ (Multiply)          │                   │            │ attn_expand[0][0] │
├─────────────────────┼───────────────────┼────────────┼───────────────────┤
│ attn_sum            │ (None, 256)       │          0 │ attn_apply[0][0]  │
│ (ReduceSum)         │                   │            │                   │
├─────────────────────┼───────────────────┼────────────┼───────────────────┤
│ gap                 │ (None, 256)       │          0 │ res_2[0][0],      │
│ (GlobalAveragePool… │                   │            │ logical_or_1[0][… │
├─────────────────────┼───────────────────┼────────────┼───────────────────┤
│ gmp                 │ (None, 256)       │          0 │ res_2[0][0]       │
│ (MaskableGlobalMax… │                   │            │                   │
├─────────────────────┼───────────────────┼────────────┼───────────────────┤
│ concat              │ (None, 768)       │          0 │ attn_sum[0][0],   │
│ (Concatenate)       │                   │            │ gap[0][0],        │
│                     │                   │            │ gmp[0][0]         │
├─────────────────────┼───────────────────┼────────────┼───────────────────┤
│ pool_proj (Dense)   │ (None, 256)       │    196,608 │ concat[0][0]      │
├─────────────────────┼───────────────────┼────────────┼───────────────────┤
│ pool_ln             │ (None, 256)       │        512 │ pool_proj[0][0]   │
│ (LayerNormalizatio… │                   │            │                   │
├─────────────────────┼───────────────────┼────────────┼───────────────────┤
│ logical_or_2        │ (None, 384)       │          0 │ logical_or_1[0][… │
│ (LogicalOr)         │                   │            │ logical_or_1[0][… │
├─────────────────────┼───────────────────┼────────────┼───────────────────┤
│ ones_like           │ (None, 256)       │          0 │ gap[0][0]         │
│ (OnesLike)          │                   │            │                   │
├─────────────────────┼───────────────────┼────────────┼───────────────────┤
│ pool_act            │ (None, 256)       │          0 │ pool_ln[0][0]     │
│ (Activation)        │                   │            │                   │
├─────────────────────┼───────────────────┼────────────┼───────────────────┤
│ concatenate         │ (None, 1024)      │          0 │ logical_or_2[0][… │
│ (Concatenate)       │                   │            │ ones_like[0][0],  │
│                     │                   │            │ logical_or_1[0][… │
├─────────────────────┼───────────────────┼────────────┼───────────────────┤
│ head_dense (Dense)  │ (None, 256)       │     65,536 │ pool_act[0][0]    │
├─────────────────────┼───────────────────┼────────────┼───────────────────┤
│ any_1 (Any)         │ (None)            │          0 │ concatenate[0][0] │
├─────────────────────┼───────────────────┼────────────┼───────────────────┤
│ head_bn             │ (None, 256)       │      1,024 │ head_dense[0][0], │
│ (BatchNormalizatio… │                   │            │ any_1[0][0]       │
├─────────────────────┼───────────────────┼────────────┼───────────────────┤
│ head_drop (Dropout) │ (None, 256)       │          0 │ head_bn[0][0]     │
├─────────────────────┼───────────────────┼────────────┼───────────────────┤
│ classifier (Dense)  │ (None, 250)       │     64,250 │ head_drop[0][0]   │
└─────────────────────┴───────────────────┴────────────┴───────────────────┘
 Total params: 2,435,451 (9.29 MB)
 Trainable params: 2,434,427 (9.29 MB)
 Non-trainable params: 1,024 (4.00 KB)

[2026-04-07 20:02:57] [BiGRU] [INFO]  Parameters — total: 2,435,451  trainable: 2,434,427
[2026-04-07 20:02:59] [BiGRU] [INFO]  Architecture diagram saved: /kaggle/working/BiGRU/plots/BiGRU_architecture.png
[2026-04-07 20:02:59] [BiGRU] [INFO]  Optimiser : Adam + WarmupCosineDecay
[2026-04-07 20:02:59] [BiGRU] [INFO]  Peak LR   : 1.00e-03  |  Min LR: 1.00e-06  |  Warm-up steps: 2950
[2026-04-07 20:02:59] [BiGRU] [INFO]  Checkpoint restored: /kaggle/working/BiGRU/checkpoints/last/ckpt-92 — resuming from epoch 50.
[2026-04-07 20:02:59] [BiGRU] [INFO]  Loaded 49 existing history rows from CSV.
[2026-04-07 20:44:58] [BiGRU] [INFO]  Epoch 050/100 | loss=2.1823 acc=0.6755 top5=0.8447 | val_loss=1.6682 val_acc=0.8029 val_top5=0.9321 | 2518.1s
[2026-04-07 20:44:58] [BiGRU] [INFO]    Best model saved — val_accuracy=0.8029
[2026-04-07 21:12:07] [BiGRU] [INFO]  Epoch 051/100 | loss=2.1682 acc=0.6777 top5=0.8467 | val_loss=1.6695 val_acc=0.8015 val_top5=0.9317 | 1628.8s
[2026-04-07 21:12:07] [BiGRU] [INFO]    No improvement for 1/20 epochs.
[2026-04-07 21:39:00] [BiGRU] [INFO]  Epoch 052/100 | loss=2.1561 acc=0.6802 top5=0.8494 | val_loss=1.6597 val_acc=0.8065 val_top5=0.9329 | 1613.2s
[2026-04-07 21:39:01] [BiGRU] [INFO]    Best model saved — val_accuracy=0.8065
[2026-04-07 22:07:42] [BiGRU] [INFO]  Epoch 053/100 | loss=2.1476 acc=0.6836 top5=0.8504 | val_loss=1.6602 val_acc=0.8070 val_top5=0.9319 | 1721.8s
[2026-04-07 22:07:43] [BiGRU] [INFO]    Best model saved — val_accuracy=0.8070
[2026-04-07 22:32:59] [BiGRU] [INFO]  Epoch 054/100 | loss=2.1340 acc=0.6876 top5=0.8529 | val_loss=1.6575 val_acc=0.8079 val_top5=0.9314 | 1515.9s
[2026-04-07 22:32:59] [BiGRU] [INFO]    Best model saved — val_accuracy=0.8079
[2026-04-07 22:57:43] [BiGRU] [INFO]  Epoch 055/100 | loss=2.1204 acc=0.6903 top5=0.8547 | val_loss=1.6518 val_acc=0.8077 val_top5=0.9327 | 1483.3s
[2026-04-07 22:57:43] [BiGRU] [INFO]    No improvement for 1/20 epochs.
[2026-04-07 23:20:58] [BiGRU] [INFO]  Epoch 056/100 | loss=2.1111 acc=0.6929 top5=0.8563 | val_loss=1.6493 val_acc=0.8067 val_top5=0.9323 | 1395.0s
[2026-04-07 23:20:58] [BiGRU] [INFO]    No improvement for 2/20 epochs.
[2026-04-07 23:46:01] [BiGRU] [INFO]  Epoch 057/100 | loss=2.1079 acc=0.6933 top5=0.8570 | val_loss=1.6486 val_acc=0.8106 val_top5=0.9323 | 1503.5s
[2026-04-07 23:46:02] [BiGRU] [INFO]    Best model saved — val_accuracy=0.8106
[2026-04-08 00:12:19] [BiGRU] [INFO]  Epoch 058/100 | loss=2.0955 acc=0.7001 top5=0.8584 | val_loss=1.6438 val_acc=0.8107 val_top5=0.9330 | 1576.8s
[2026-04-08 00:12:19] [BiGRU] [INFO]    Best model saved — val_accuracy=0.8107
[2026-04-08 00:38:03] [BiGRU] [INFO]  Epoch 059/100 | loss=2.0848 acc=0.7010 top5=0.8606 | val_loss=1.6413 val_acc=0.8100 val_top5=0.9339 | 1544.6s
[2026-04-08 00:38:04] [BiGRU] [INFO]    No improvement for 1/20 epochs.
[2026-04-08 01:03:45] [BiGRU] [INFO]  Epoch 060/100 | loss=2.0795 acc=0.7034 top5=0.8609 | val_loss=1.6421 val_acc=0.8082 val_top5=0.9336 | 1541.2s
[2026-04-08 01:03:45] [BiGRU] [INFO]    No improvement for 2/20 epochs.
[2026-04-08 01:30:34] [BiGRU] [INFO]  Epoch 061/100 | loss=2.0634 acc=0.7088 top5=0.8639 | val_loss=1.6294 val_acc=0.8144 val_top5=0.9342 | 1609.0s
[2026-04-08 01:30:34] [BiGRU] [INFO]    Best model saved — val_accuracy=0.8144
[2026-04-08 01:56:42] [BiGRU] [INFO]  Epoch 062/100 | loss=2.0678 acc=0.7084 top5=0.8616 | val_loss=1.6309 val_acc=0.8129 val_top5=0.9340 | 1567.9s
[2026-04-08 01:56:42] [BiGRU] [INFO]    No improvement for 1/20 epochs.
[2026-04-08 02:23:52] [BiGRU] [INFO]  Epoch 063/100 | loss=2.0490 acc=0.7128 top5=0.8654 | val_loss=1.6234 val_acc=0.8150 val_top5=0.9343 | 1629.0s
[2026-04-08 02:23:52] [BiGRU] [INFO]    Best model saved — val_accuracy=0.8150
[2026-04-08 02:49:27] [BiGRU] [INFO]  Epoch 064/100 | loss=2.0450 acc=0.7129 top5=0.8648 | val_loss=1.6245 val_acc=0.8147 val_top5=0.9358 | 1534.7s
[2026-04-08 02:49:27] [BiGRU] [INFO]    No improvement for 1/20 epochs.
[2026-04-08 03:19:10] [BiGRU] [INFO]  Epoch 065/100 | loss=2.0396 acc=0.7147 top5=0.8674 | val_loss=1.6226 val_acc=0.8139 val_top5=0.9349 | 1783.6s
[2026-04-08 03:19:11] [BiGRU] [INFO]    No improvement for 2/20 epochs.
[2026-04-08 03:44:24] [BiGRU] [INFO]  Epoch 066/100 | loss=2.0314 acc=0.7174 top5=0.8688 | val_loss=1.6147 val_acc=0.8167 val_top5=0.9351 | 1512.9s
[2026-04-08 03:44:24] [BiGRU] [INFO]    Best model saved — val_accuracy=0.8167
[2026-04-08 04:10:55] [BiGRU] [INFO]  Epoch 067/100 | loss=2.0214 acc=0.7194 top5=0.8691 | val_loss=1.6159 val_acc=0.8155 val_top5=0.9359 | 1590.7s
[2026-04-08 04:10:55] [BiGRU] [INFO]    No improvement for 1/20 epochs.
[2026-04-08 04:34:21] [BiGRU] [INFO]  Epoch 068/100 | loss=2.0123 acc=0.7228 top5=0.8705 | val_loss=1.6120 val_acc=0.8184 val_top5=0.9361 | 1406.4s
[2026-04-08 04:34:22] [BiGRU] [INFO]    Best model saved — val_accuracy=0.8184
[2026-04-08 04:59:56] [BiGRU] [INFO]  Epoch 069/100 | loss=2.0068 acc=0.7256 top5=0.8713 | val_loss=1.6103 val_acc=0.8191 val_top5=0.9377 | 1534.6s
[2026-04-08 04:59:57] [BiGRU] [INFO]    Best model saved — val_accuracy=0.8191
[2026-04-08 05:27:04] [BiGRU] [INFO]  Epoch 070/100 | loss=2.0016 acc=0.7271 top5=0.8717 | val_loss=1.6143 val_acc=0.8170 val_top5=0.9372 | 1627.3s
[2026-04-08 05:27:04] [BiGRU] [INFO]    No improvement for 1/20 epochs.
[2026-04-08 05:55:20] [BiGRU] [INFO]  Epoch 071/100 | loss=1.9955 acc=0.7287 top5=0.8717 | val_loss=1.6123 val_acc=0.8197 val_top5=0.9371 | 1696.3s
[2026-04-08 05:55:21] [BiGRU] [INFO]    Best model saved — val_accuracy=0.8197
[2026-04-08 06:23:22] [BiGRU] [INFO]  Epoch 072/100 | loss=1.9850 acc=0.7326 top5=0.8744 | val_loss=1.6115 val_acc=0.8201 val_top5=0.9365 | 1680.8s
[2026-04-08 06:23:22] [BiGRU] [INFO]    Best model saved — val_accuracy=0.8201
[2026-04-08 06:50:46] [BiGRU] [INFO]  Epoch 073/100 | loss=1.9791 acc=0.7339 top5=0.8757 | val_loss=1.6044 val_acc=0.8221 val_top5=0.9377 | 1643.9s
[2026-04-08 06:50:46] [BiGRU] [INFO]    Best model saved — val_accuracy=0.8221
[2026-04-08 07:17:13] [BiGRU] [INFO]  Epoch 074/100 | loss=2.0588 acc=0.7086 top5=0.8621 | val_loss=1.6008 val_acc=0.8195 val_top5=0.9375 | 1586.5s
[2026-04-08 07:17:13] [BiGRU] [INFO]    No improvement for 1/20 epochs.
[2026-04-08 07:43:49] [BiGRU] [INFO]  Epoch 075/100 | loss=2.0847 acc=0.6999 top5=0.8601 | val_loss=1.5969 val_acc=0.8213 val_top5=0.9385 | 1596.5s
[2026-04-08 07:43:50] [BiGRU] [INFO]    No improvement for 2/20 epochs.
