[2026-04-13 11:35:12] [BiGRU] [INFO]  Logger initialised — writing to: /kaggle/working/BiGRU/logs/BiGRU_20260413_113512.log
[2026-04-13 11:35:12] [BiGRU] [INFO]  Output directories ready: /kaggle/working/BiGRU
[2026-04-13 11:35:12] [BiGRU] [INFO]  DATA_DIR     : /kaggle/input/competitions/asl-signs  exists=True
[2026-04-13 11:35:12] [BiGRU] [INFO]  TRAIN_CSV    : /kaggle/input/competitions/asl-signs/train.csv  exists=True
[2026-04-13 11:35:12] [BiGRU] [INFO]  LANDMARK_DIR : /kaggle/input/competitions/asl-signs/train_landmark_files  exists=True
[2026-04-13 11:35:12] [BiGRU] [INFO]  Parquet participant folders found: 21
[2026-04-13 11:35:12] [BiGRU] [INFO]  train.csv: 94477 rows | 250 unique signs | 21 participants
[2026-04-13 11:35:12] [BiGRU] [INFO]  Selected landmark nodes: 118  |  Feature channels: 708
[2026-04-13 11:35:12] [BiGRU] [INFO]  Preprocess layer instantiated.
[2026-04-13 11:35:12] [BiGRU] [INFO]  Encoded 250 unique sign classes.
[2026-04-13 11:35:12] [BiGRU] [INFO]  Running pipeline sanity check on 10 samples...
[2026-04-13 11:35:15] [BiGRU] [INFO]  Sanity check X: (2, 384, 708)  Y: (2, 250)  dtype: <dtype: 'float32'>
[2026-04-13 11:35:15] [BiGRU] [INFO]  Feature tensor — shape: (2, 384, 708)  min: -100.0000  max: 4.2930  mean: -95.5772
[2026-04-13 11:35:15] [BiGRU] [INFO]  Label tensor   — shape: (2, 250)  active class: 25  (blow)
[2026-04-13 11:35:15] [BiGRU] [INFO]  Performing stratified 80/10/10 split  seed=42.
[2026-04-13 11:35:16] [BiGRU] [INFO]  Training   : 75581 samples  (80.0%)
[2026-04-13 11:35:16] [BiGRU] [INFO]  Validation : 9448 samples  (10.0%)
[2026-04-13 11:35:16] [BiGRU] [INFO]  Test       : 9448 samples  (10.0%)
[2026-04-13 11:35:16] [BiGRU] [INFO]  Steps/epoch: 590  |  Val steps: 73  |  Test steps: 73
[2026-04-13 11:35:16] [BiGRU] [INFO]  =========================================================
       DATASET REPORT — BiGRU
=========================================================
Total sequences         : 94477
Unique classes          : 250
Selected landmark nodes : 118
Feature channels        : 708
Max sequence length     : 384 frames
Input tensor shape      : (Batch, 384, 708)
---------------------------------------------------------
Training   : 75581 samples
Validation : 9448 samples
Test       : 9448 samples
---------------------------------------------------------
[Train] max=332  min=239  mean=302.3
[Val]   max=42  min=30  mean=37.8
[Test]  max=41  min=30  mean=37.8
=========================================================

[2026-04-13 11:35:17] [BiGRU] [INFO]  Pre-training report saved.
[2026-04-13 11:35:19] [BiGRU] [INFO]  Model: "BiGRU"
┏━━━━━━━━━━━━━━━━━━━━━┳━━━━━━━━━━━━━━━━━━━┳━━━━━━━━━━━━┳━━━━━━━━━━━━━━━━━━━┓
┃ Layer (type)        ┃ Output Shape      ┃    Param # ┃ Connected to      ┃
┡━━━━━━━━━━━━━━━━━━━━━╇━━━━━━━━━━━━━━━━━━━╇━━━━━━━━━━━━╇━━━━━━━━━━━━━━━━━━━┩
│ input_features      │ (None, 384, 708)  │          0 │ -                 │
│ (InputLayer)        │                   │            │                   │
├─────────────────────┼───────────────────┼────────────┼───────────────────┤
│ cast (Cast)         │ (None, 384, 708)  │          0 │ input_features[0… │
├─────────────────────┼───────────────────┼────────────┼───────────────────┤
│ masking (Masking)   │ (None, 384, 708)  │          0 │ input_features[0… │
├─────────────────────┼───────────────────┼────────────┼───────────────────┤
│ not_equal           │ (None, 384, 708)  │          0 │ cast[0][0]        │
│ (NotEqual)          │                   │            │                   │
├─────────────────────┼───────────────────┼────────────┼───────────────────┤
│ stem_conv           │ (None, 384, 256)  │    543,744 │ masking[0][0]     │
│ (MaskableConv1D)    │                   │            │                   │
├─────────────────────┼───────────────────┼────────────┼───────────────────┤
│ any (Any)           │ (None, 384)       │          0 │ not_equal[0][0]   │
├─────────────────────┼───────────────────┼────────────┼───────────────────┤
│ stem_bn             │ (None, 384, 256)  │      1,024 │ stem_conv[0][0],  │
│ (BatchNormalizatio… │                   │            │ any[0][0]         │
├─────────────────────┼───────────────────┼────────────┼───────────────────┤
│ stem_act            │ (None, 384, 256)  │          0 │ stem_bn[0][0]     │
│ (Activation)        │                   │            │                   │
├─────────────────────┼───────────────────┼────────────┼───────────────────┤
│ stem_drop           │ (None, 384, 256)  │          0 │ stem_act[0][0]    │
│ (SpatialDropout1D)  │                   │            │                   │
├─────────────────────┼───────────────────┼────────────┼───────────────────┤
│ bigru_1             │ (None, 384, 512)  │    789,504 │ stem_drop[0][0],  │
│ (Bidirectional)     │                   │            │ any[0][0]         │
├─────────────────────┼───────────────────┼────────────┼───────────────────┤
│ ln_1                │ (None, 384, 512)  │      1,024 │ bigru_1[0][0]     │
│ (LayerNormalizatio… │                   │            │                   │
├─────────────────────┼───────────────────┼────────────┼───────────────────┤
│ skip1_proj (Dense)  │ (None, 384, 512)  │    131,072 │ stem_drop[0][0]   │
├─────────────────────┼───────────────────┼────────────┼───────────────────┤
│ res_1 (Add)         │ (None, 384, 512)  │          0 │ ln_1[0][0],       │
│                     │                   │            │ skip1_proj[0][0]  │
├─────────────────────┼───────────────────┼────────────┼───────────────────┤
│ logical_or          │ (None, 384)       │          0 │ any[0][0],        │
│ (LogicalOr)         │                   │            │ any[0][0]         │
├─────────────────────┼───────────────────┼────────────┼───────────────────┤
│ bigru_2             │ (None, 384, 256)  │    493,056 │ res_1[0][0],      │
│ (Bidirectional)     │                   │            │ logical_or[0][0]  │
├─────────────────────┼───────────────────┼────────────┼───────────────────┤
│ ln_2                │ (None, 384, 256)  │        512 │ bigru_2[0][0]     │
│ (LayerNormalizatio… │                   │            │                   │
├─────────────────────┼───────────────────┼────────────┼───────────────────┤
│ skip2_proj (Dense)  │ (None, 384, 256)  │    131,072 │ res_1[0][0]       │
├─────────────────────┼───────────────────┼────────────┼───────────────────┤
│ res_2 (Add)         │ (None, 384, 256)  │          0 │ ln_2[0][0],       │
│                     │                   │            │ skip2_proj[0][0]  │
├─────────────────────┼───────────────────┼────────────┼───────────────────┤
│ attn_proj (Dense)   │ (None, 384, 64)   │     16,448 │ res_2[0][0]       │
├─────────────────────┼───────────────────┼────────────┼───────────────────┤
│ attn_score (Dense)  │ (None, 384, 1)    │         65 │ attn_proj[0][0]   │
├─────────────────────┼───────────────────┼────────────┼───────────────────┤
│ attn_squeeze        │ (None, 384)       │          0 │ attn_score[0][0]  │
│ (Squeeze)           │                   │            │                   │
├─────────────────────┼───────────────────┼────────────┼───────────────────┤
│ logical_or_1        │ (None, 384)       │          0 │ logical_or[0][0], │
│ (LogicalOr)         │                   │            │ logical_or[0][0]  │
├─────────────────────┼───────────────────┼────────────┼───────────────────┤
│ attn_weights        │ (None, 384)       │          0 │ attn_squeeze[0][… │
│ (Softmax)           │                   │            │ logical_or_1[0][… │
├─────────────────────┼───────────────────┼────────────┼───────────────────┤
│ attn_expand         │ (None, 384, 1)    │          0 │ attn_weights[0][… │
│ (ExpandDims)        │                   │            │                   │
├─────────────────────┼───────────────────┼────────────┼───────────────────┤
│ attn_apply          │ (None, 384, 256)  │          0 │ res_2[0][0],      │
│ (Multiply)          │                   │            │ attn_expand[0][0] │
├─────────────────────┼───────────────────┼────────────┼───────────────────┤
│ attn_sum            │ (None, 256)       │          0 │ attn_apply[0][0]  │
│ (ReduceSum)         │                   │            │                   │
├─────────────────────┼───────────────────┼────────────┼───────────────────┤
│ gap                 │ (None, 256)       │          0 │ res_2[0][0],      │
│ (GlobalAveragePool… │                   │            │ logical_or_1[0][… │
├─────────────────────┼───────────────────┼────────────┼───────────────────┤
│ gmp                 │ (None, 256)       │          0 │ res_2[0][0]       │
│ (MaskableGlobalMax… │                   │            │                   │
├─────────────────────┼───────────────────┼────────────┼───────────────────┤
│ concat              │ (None, 768)       │          0 │ attn_sum[0][0],   │
│ (Concatenate)       │                   │            │ gap[0][0],        │
│                     │                   │            │ gmp[0][0]         │
├─────────────────────┼───────────────────┼────────────┼───────────────────┤
│ pool_proj (Dense)   │ (None, 256)       │    196,608 │ concat[0][0]      │
├─────────────────────┼───────────────────┼────────────┼───────────────────┤
│ pool_ln             │ (None, 256)       │        512 │ pool_proj[0][0]   │
│ (LayerNormalizatio… │                   │            │                   │
├─────────────────────┼───────────────────┼────────────┼───────────────────┤
│ logical_or_2        │ (None, 384)       │          0 │ logical_or_1[0][… │
│ (LogicalOr)         │                   │            │ logical_or_1[0][… │
├─────────────────────┼───────────────────┼────────────┼───────────────────┤
│ ones_like           │ (None, 256)       │          0 │ gap[0][0]         │
│ (OnesLike)          │                   │            │                   │
├─────────────────────┼───────────────────┼────────────┼───────────────────┤
│ pool_act            │ (None, 256)       │          0 │ pool_ln[0][0]     │
│ (Activation)        │                   │            │                   │
├─────────────────────┼───────────────────┼────────────┼───────────────────┤
│ concatenate         │ (None, 1024)      │          0 │ logical_or_2[0][… │
│ (Concatenate)       │                   │            │ ones_like[0][0],  │
│                     │                   │            │ logical_or_1[0][… │
├─────────────────────┼───────────────────┼────────────┼───────────────────┤
│ head_dense (Dense)  │ (None, 256)       │     65,536 │ pool_act[0][0]    │
├─────────────────────┼───────────────────┼────────────┼───────────────────┤
│ any_1 (Any)         │ (None)            │          0 │ concatenate[0][0] │
├─────────────────────┼───────────────────┼────────────┼───────────────────┤
│ head_bn             │ (None, 256)       │      1,024 │ head_dense[0][0], │
│ (BatchNormalizatio… │                   │            │ any_1[0][0]       │
├─────────────────────┼───────────────────┼────────────┼───────────────────┤
│ head_drop (Dropout) │ (None, 256)       │          0 │ head_bn[0][0]     │
├─────────────────────┼───────────────────┼────────────┼───────────────────┤
│ classifier (Dense)  │ (None, 250)       │     64,250 │ head_drop[0][0]   │
└─────────────────────┴───────────────────┴────────────┴───────────────────┘
 Total params: 2,435,451 (9.29 MB)
 Trainable params: 2,434,427 (9.29 MB)
 Non-trainable params: 1,024 (4.00 KB)

[2026-04-13 11:35:19] [BiGRU] [INFO]  Parameters — total: 2,435,451  trainable: 2,434,427
[2026-04-13 11:35:21] [BiGRU] [INFO]  Architecture diagram saved: /kaggle/working/BiGRU/plots/BiGRU_architecture.png
[2026-04-13 11:35:21] [BiGRU] [INFO]  Optimiser : Adam + WarmupCosineDecay
[2026-04-13 11:35:21] [BiGRU] [INFO]  Peak LR   : 1.00e-03  |  Min LR: 1.00e-06  |  Warm-up steps: 2950
[2026-04-13 11:35:21] [BiGRU] [INFO]  Checkpoint restored: /kaggle/working/BiGRU/checkpoints/last/ckpt-165 — resuming from epoch 101.
[2026-04-13 11:35:21] [BiGRU] [INFO]  Loaded 100 existing history rows from CSV.
[2026-04-13 11:35:21] [BiGRU] [INFO]  Training completed successfully.
[2026-04-13 11:35:23] [BiGRU] [INFO]  Training history plot saved: /kaggle/working/BiGRU/plots/BiGRU_training_history.png
