[2026-04-13 11:50:09] [BiGRU] [INFO]  Logger initialised — writing to: /kaggle/working/BiGRU/logs/BiGRU_20260413_115009.log
[2026-04-13 11:50:09] [BiGRU] [INFO]  Output directories ready: /kaggle/working/BiGRU
[2026-04-13 11:50:09] [BiGRU] [INFO]  DATA_DIR     : /kaggle/input/competitions/asl-signs  exists=True
[2026-04-13 11:50:09] [BiGRU] [INFO]  TRAIN_CSV    : /kaggle/input/competitions/asl-signs/train.csv  exists=True
[2026-04-13 11:50:09] [BiGRU] [INFO]  LANDMARK_DIR : /kaggle/input/competitions/asl-signs/train_landmark_files  exists=True
[2026-04-13 11:50:09] [BiGRU] [INFO]  Parquet participant folders found: 21
[2026-04-13 11:50:09] [BiGRU] [INFO]  train.csv: 94477 rows | 250 unique signs | 21 participants
[2026-04-13 11:50:09] [BiGRU] [INFO]  Selected landmark nodes: 118  |  Feature channels: 708
[2026-04-13 11:50:09] [BiGRU] [INFO]  Preprocess layer instantiated.
[2026-04-13 11:50:09] [BiGRU] [INFO]  Encoded 250 unique sign classes.
[2026-04-13 11:50:10] [BiGRU] [INFO]  Running pipeline sanity check on 10 samples...
[2026-04-13 11:50:12] [BiGRU] [INFO]  Sanity check X: (2, 384, 708)  Y: (2, 250)  dtype: <dtype: 'float32'>
[2026-04-13 11:50:12] [BiGRU] [INFO]  Feature tensor — shape: (2, 384, 708)  min: -100.0000  max: 4.3045  mean: -95.5772
[2026-04-13 11:50:12] [BiGRU] [INFO]  Label tensor   — shape: (2, 250)  active class: 25  (blow)
[2026-04-13 11:50:13] [BiGRU] [INFO]  Performing stratified 80/10/10 split  seed=42.
[2026-04-13 11:50:13] [BiGRU] [INFO]  Training   : 75581 samples  (80.0%)
[2026-04-13 11:50:13] [BiGRU] [INFO]  Validation : 9448 samples  (10.0%)
[2026-04-13 11:50:13] [BiGRU] [INFO]  Test       : 9448 samples  (10.0%)
[2026-04-13 11:50:14] [BiGRU] [INFO]  Steps/epoch: 590  |  Val steps: 73  |  Test steps: 73
[2026-04-13 11:50:14] [BiGRU] [INFO]  =========================================================
       DATASET REPORT — BiGRU
=========================================================
Total sequences         : 94477
Unique classes          : 250
Selected landmark nodes : 118
Feature channels        : 708
Max sequence length     : 384 frames
Input tensor shape      : (Batch, 384, 708)
---------------------------------------------------------
Training   : 75581 samples
Validation : 9448 samples
Test       : 9448 samples
---------------------------------------------------------
[Train] max=332  min=239  mean=302.3
[Val]   max=42  min=30  mean=37.8
[Test]  max=41  min=30  mean=37.8
=========================================================

[2026-04-13 11:50:15] [BiGRU] [INFO]  Pre-training report saved.
[2026-04-13 11:50:15] [BiGRU] [INFO]  =======================================================
[2026-04-13 11:50:15] [BiGRU] [INFO]    EVALUATION PIPELINE — BiGRU
[2026-04-13 11:50:15] [BiGRU] [INFO]    Model path : /kaggle/input/models/hassanabdulrazeq/bigru/keras/default/1/BiGRU.keras
[2026-04-13 11:50:15] [BiGRU] [INFO]    Test steps : 73  |  Num classes : 250
[2026-04-13 11:50:15] [BiGRU] [INFO]  =======================================================
[2026-04-13 11:50:15] [BiGRU] [INFO]  All custom layers registered.
[2026-04-13 11:50:15] [BiGRU] [INFO]  Detected format: .keras
[2026-04-13 11:50:16] [BiGRU] [INFO]  Model loaded successfully.
[2026-04-13 11:50:16] [BiGRU] [INFO]  Input  shape : (None, 384, 708)
[2026-04-13 11:50:16] [BiGRU] [INFO]  Output shape : (None, 250)
[2026-04-13 11:50:16] [BiGRU] [INFO]  Total params : 2,435,451
[2026-04-13 11:50:16] [BiGRU] [INFO]  Running inference over 73 batches ...
[2026-04-13 12:01:39] [BiGRU] [INFO]  Collected 9344 samples | accuracy so far: 0.8159
[2026-04-13 12:01:39] [BiGRU] [INFO]  Inference timing warm-up: 3 batches on CPU ...
[2026-04-13 12:02:46] [BiGRU] [INFO]  Timing inference over 20 batches ...
[2026-04-13 12:09:40] [BiGRU] [INFO]  
==========================================================
  INFERENCE PERFORMANCE — BiGRU
==========================================================
  device                    : CPU
  batch_size                : 128
  warmup_batches            : 3
  measured_batches          : 20
  total_samples             : 2560
  mean_batch_lat_ms         : 19422.806
  std_batch_lat_ms          : 213.592
  per_sample_lat_ms         : 151.7407
  throughput_sps            : 6.6
==========================================================

[2026-04-13 12:09:40] [BiGRU] [INFO]  Inference performance metrics saved.
[2026-04-13 12:09:40] [BiGRU] [INFO]  
==========================================================
  MODEL SIZE — BiGRU
==========================================================
  model                       : BiGRU
  total_parameters            : 2435451
  trainable_parameters        : 2434427
  non_trainable_params        : 1024
  weight_footprint_mb         : 9.29
  disk_size_mb                : 9.41
==========================================================

[2026-04-13 12:09:40] [BiGRU] [INFO]  Model size metrics saved.
[2026-04-13 12:09:40] [BiGRU] [INFO]  Class names from label_to_sign (250 classes).
[2026-04-13 12:09:52] [BiGRU] [INFO]  Saved: /kaggle/working/BiGRU/plots/confusion_matrix_raw.png
[2026-04-13 12:10:05] [BiGRU] [INFO]  Saved: /kaggle/working/BiGRU/plots/confusion_matrix_normalized.png
[2026-04-13 12:10:05] [BiGRU] [INFO]  Saved: /kaggle/working/BiGRU/reports/classification_report.txt
[2026-04-13 12:10:05] [BiGRU] [INFO]  Saved: /kaggle/working/BiGRU/metrics/classification_report.csv
[2026-04-13 12:10:05] [BiGRU] [INFO]  Best  class : shhh (0.9756)
[2026-04-13 12:10:05] [BiGRU] [INFO]  Worst class : awake (0.4211)
[2026-04-13 12:10:07] [BiGRU] [INFO]  Saved: /kaggle/working/BiGRU/plots/per_class_accuracy.png
[2026-04-13 12:10:08] [BiGRU] [INFO]  Saved: /kaggle/working/BiGRU/plots/metrics_distribution.png
[2026-04-13 12:10:09] [BiGRU] [INFO]  Macro ROC-AUC: 0.9881
[2026-04-13 12:10:11] [BiGRU] [INFO]  Saved: /kaggle/working/BiGRU/plots/roc_curves.png
[2026-04-13 12:10:11] [BiGRU] [INFO]  Macro PR-AUC: 0.8410
[2026-04-13 12:10:13] [BiGRU] [INFO]  Saved: /kaggle/working/BiGRU/plots/precision_recall_curves.png
[2026-04-13 12:10:13] [BiGRU] [INFO]  No history file at /kaggle/working/BiGRU/metrics/history.json — skipping.
[2026-04-13 12:10:13] [BiGRU] [INFO]  Errors: 1720 / 9344  (18.41%)
[2026-04-13 12:10:14] [BiGRU] [INFO]  Saved: /kaggle/working/BiGRU/plots/confused_pairs.png
[2026-04-13 12:10:14] [BiGRU] [INFO]  Hard examples (low-confidence correct) saved.
[2026-04-13 12:10:14] [BiGRU] [INFO]  
==========================================================
  EVALUATION SUMMARY — BiGRU
==========================================================
  model                 : BiGRU
  accuracy              : 0.8159
  top_5_acc             : 0.9355
  macro_f1              : 0.8136
  weighted_f1           : 0.8157
  macro_roc_auc         : 0.9881
  macro_pr_auc          : 0.841
  n_classes             : 250
  n_test_samples        : 9344
==========================================================

[2026-04-13 12:10:14] [BiGRU] [INFO]  Evaluation summary CSV saved.
[2026-04-13 12:10:14] [BiGRU] [INFO]  Global comparison CSV updated.
[2026-04-13 12:10:14] [BiGRU] [INFO]  Model comparison — 1 model(s) registered.
[2026-04-13 12:10:14] [BiGRU] [INFO]  Only one model registered — bar chart requires >= 2 entries.
[2026-04-13 12:10:17] [BiGRU] [INFO]  Predictions saved: /kaggle/working/BiGRU/predictions/test_predictions.csv  (9344 rows)
[2026-04-13 12:10:17] [BiGRU] [INFO]  Evaluation pipeline complete.
