[2026-04-06 09:53:16] [BiGRU] [INFO]  Logger initialised — writing to: /kaggle/working/BiGRU/logs/BiGRU_20260406_095316.log
[2026-04-06 09:53:16] [BiGRU] [INFO]  Output directories ready: /kaggle/working/BiGRU
[2026-04-06 09:53:16] [BiGRU] [INFO]  DATA_DIR     : /kaggle/input/competitions/asl-signs  exists=True
[2026-04-06 09:53:16] [BiGRU] [INFO]  TRAIN_CSV    : /kaggle/input/competitions/asl-signs/train.csv  exists=True
[2026-04-06 09:53:16] [BiGRU] [INFO]  LANDMARK_DIR : /kaggle/input/competitions/asl-signs/train_landmark_files  exists=True
[2026-04-06 09:53:16] [BiGRU] [INFO]  Parquet participant folders found: 21
[2026-04-06 09:53:17] [BiGRU] [INFO]  train.csv: 94477 rows | 250 unique signs | 21 participants
[2026-04-06 09:53:17] [BiGRU] [INFO]  Selected landmark nodes: 118  |  Feature channels: 708
[2026-04-06 09:53:17] [BiGRU] [INFO]  Preprocess layer instantiated.
[2026-04-06 09:53:17] [BiGRU] [INFO]  Encoded 250 unique sign classes.
[2026-04-06 09:53:17] [BiGRU] [INFO]  Running pipeline sanity check on 10 samples...
[2026-04-06 09:53:19] [BiGRU] [INFO]  Sanity check X: (2, 384, 708)  Y: (2, 250)  dtype: <dtype: 'float32'>
[2026-04-06 09:53:20] [BiGRU] [INFO]  Feature tensor — shape: (2, 384, 708)  min: -100.0000  max: 4.2930  mean: -95.5772
[2026-04-06 09:53:20] [BiGRU] [INFO]  Label tensor   — shape: (2, 250)  active class: 25  (blow)
[2026-04-06 09:53:20] [BiGRU] [INFO]  Performing stratified 80/10/10 split  seed=42.
[2026-04-06 09:53:21] [BiGRU] [INFO]  Training   : 75581 samples  (80.0%)
[2026-04-06 09:53:21] [BiGRU] [INFO]  Validation : 9448 samples  (10.0%)
[2026-04-06 09:53:21] [BiGRU] [INFO]  Test       : 9448 samples  (10.0%)
[2026-04-06 09:53:21] [BiGRU] [INFO]  Steps/epoch: 590  |  Val steps: 73  |  Test steps: 73
[2026-04-06 09:53:21] [BiGRU] [INFO]  =========================================================
       DATASET REPORT — BiGRU
=========================================================
Total sequences         : 94477
Unique classes          : 250
Selected landmark nodes : 118
Feature channels        : 708
Max sequence length     : 384 frames
Input tensor shape      : (Batch, 384, 708)
---------------------------------------------------------
Training   : 75581 samples
Validation : 9448 samples
Test       : 9448 samples
---------------------------------------------------------
[Train] max=332  min=239  mean=302.3
[Val]   max=42  min=30  mean=37.8
[Test]  max=41  min=30  mean=37.8
=========================================================

[2026-04-06 09:53:22] [BiGRU] [INFO]  Pre-training report saved.
[2026-04-06 09:53:24] [BiGRU] [INFO]  Model: "BiGRU"
┏━━━━━━━━━━━━━━━━━━━━━┳━━━━━━━━━━━━━━━━━━━┳━━━━━━━━━━━━┳━━━━━━━━━━━━━━━━━━━┓
┃ Layer (type)        ┃ Output Shape      ┃    Param # ┃ Connected to      ┃
┡━━━━━━━━━━━━━━━━━━━━━╇━━━━━━━━━━━━━━━━━━━╇━━━━━━━━━━━━╇━━━━━━━━━━━━━━━━━━━┩
│ input_features      │ (None, 384, 708)  │          0 │ -                 │
│ (InputLayer)        │                   │            │                   │
├─────────────────────┼───────────────────┼────────────┼───────────────────┤
│ cast (Cast)         │ (None, 384, 708)  │          0 │ input_features[0… │
├─────────────────────┼───────────────────┼────────────┼───────────────────┤
│ masking (Masking)   │ (None, 384, 708)  │          0 │ input_features[0… │
├─────────────────────┼───────────────────┼────────────┼───────────────────┤
│ not_equal           │ (None, 384, 708)  │          0 │ cast[0][0]        │
│ (NotEqual)          │                   │            │                   │
├─────────────────────┼───────────────────┼────────────┼───────────────────┤
│ stem_conv           │ (None, 384, 256)  │    543,744 │ masking[0][0]     │
│ (MaskableConv1D)    │                   │            │                   │
├─────────────────────┼───────────────────┼────────────┼───────────────────┤
│ any (Any)           │ (None, 384)       │          0 │ not_equal[0][0]   │
├─────────────────────┼───────────────────┼────────────┼───────────────────┤
│ stem_bn             │ (None, 384, 256)  │      1,024 │ stem_conv[0][0],  │
│ (BatchNormalizatio… │                   │            │ any[0][0]         │
├─────────────────────┼───────────────────┼────────────┼───────────────────┤
│ stem_act            │ (None, 384, 256)  │          0 │ stem_bn[0][0]     │
│ (Activation)        │                   │            │                   │
├─────────────────────┼───────────────────┼────────────┼───────────────────┤
│ stem_drop           │ (None, 384, 256)  │          0 │ stem_act[0][0]    │
│ (SpatialDropout1D)  │                   │            │                   │
├─────────────────────┼───────────────────┼────────────┼───────────────────┤
│ bigru_1             │ (None, 384, 512)  │    789,504 │ stem_drop[0][0],  │
│ (Bidirectional)     │                   │            │ any[0][0]         │
├─────────────────────┼───────────────────┼────────────┼───────────────────┤
│ ln_1                │ (None, 384, 512)  │      1,024 │ bigru_1[0][0]     │
│ (LayerNormalizatio… │                   │            │                   │
├─────────────────────┼───────────────────┼────────────┼───────────────────┤
│ skip1_proj (Dense)  │ (None, 384, 512)  │    131,072 │ stem_drop[0][0]   │
├─────────────────────┼───────────────────┼────────────┼───────────────────┤
│ res_1 (Add)         │ (None, 384, 512)  │          0 │ ln_1[0][0],       │
│                     │                   │            │ skip1_proj[0][0]  │
├─────────────────────┼───────────────────┼────────────┼───────────────────┤
│ logical_or          │ (None, 384)       │          0 │ any[0][0],        │
│ (LogicalOr)         │                   │            │ any[0][0]         │
├─────────────────────┼───────────────────┼────────────┼───────────────────┤
│ bigru_2             │ (None, 384, 256)  │    493,056 │ res_1[0][0],      │
│ (Bidirectional)     │                   │            │ logical_or[0][0]  │
├─────────────────────┼───────────────────┼────────────┼───────────────────┤
│ ln_2                │ (None, 384, 256)  │        512 │ bigru_2[0][0]     │
│ (LayerNormalizatio… │                   │            │                   │
├─────────────────────┼───────────────────┼────────────┼───────────────────┤
│ skip2_proj (Dense)  │ (None, 384, 256)  │    131,072 │ res_1[0][0]       │
├─────────────────────┼───────────────────┼────────────┼───────────────────┤
│ res_2 (Add)         │ (None, 384, 256)  │          0 │ ln_2[0][0],       │
│                     │                   │            │ skip2_proj[0][0]  │
├─────────────────────┼───────────────────┼────────────┼───────────────────┤
│ attn_proj (Dense)   │ (None, 384, 64)   │     16,448 │ res_2[0][0]       │
├─────────────────────┼───────────────────┼────────────┼───────────────────┤
│ attn_score (Dense)  │ (None, 384, 1)    │         65 │ attn_proj[0][0]   │
├─────────────────────┼───────────────────┼────────────┼───────────────────┤
│ attn_squeeze        │ (None, 384)       │          0 │ attn_score[0][0]  │
│ (Squeeze)           │                   │            │                   │
├─────────────────────┼───────────────────┼────────────┼───────────────────┤
│ logical_or_1        │ (None, 384)       │          0 │ logical_or[0][0], │
│ (LogicalOr)         │                   │            │ logical_or[0][0]  │
├─────────────────────┼───────────────────┼────────────┼───────────────────┤
│ attn_weights        │ (None, 384)       │          0 │ attn_squeeze[0][… │
│ (Softmax)           │                   │            │ logical_or_1[0][… │
├─────────────────────┼───────────────────┼────────────┼───────────────────┤
│ attn_expand         │ (None, 384, 1)    │          0 │ attn_weights[0][… │
│ (ExpandDims)        │                   │            │                   │
├─────────────────────┼───────────────────┼────────────┼───────────────────┤
│ attn_apply          │ (None, 384, 256)  │          0 │ res_2[0][0],      │
│ (Multiply)          │                   │            │ attn_expand[0][0] │
├─────────────────────┼───────────────────┼────────────┼───────────────────┤
│ attn_sum            │ (None, 256)       │          0 │ attn_apply[0][0]  │
│ (ReduceSum)         │                   │            │                   │
├─────────────────────┼───────────────────┼────────────┼───────────────────┤
│ gap                 │ (None, 256)       │          0 │ res_2[0][0],      │
│ (GlobalAveragePool… │                   │            │ logical_or_1[0][… │
├─────────────────────┼───────────────────┼────────────┼───────────────────┤
│ gmp                 │ (None, 256)       │          0 │ res_2[0][0]       │
│ (MaskableGlobalMax… │                   │            │                   │
├─────────────────────┼───────────────────┼────────────┼───────────────────┤
│ concat              │ (None, 768)       │          0 │ attn_sum[0][0],   │
│ (Concatenate)       │                   │            │ gap[0][0],        │
│                     │                   │            │ gmp[0][0]         │
├─────────────────────┼───────────────────┼────────────┼───────────────────┤
│ pool_proj (Dense)   │ (None, 256)       │    196,608 │ concat[0][0]      │
├─────────────────────┼───────────────────┼────────────┼───────────────────┤
│ pool_ln             │ (None, 256)       │        512 │ pool_proj[0][0]   │
│ (LayerNormalizatio… │                   │            │                   │
├─────────────────────┼───────────────────┼────────────┼───────────────────┤
│ logical_or_2        │ (None, 384)       │          0 │ logical_or_1[0][… │
│ (LogicalOr)         │                   │            │ logical_or_1[0][… │
├─────────────────────┼───────────────────┼────────────┼───────────────────┤
│ ones_like           │ (None, 256)       │          0 │ gap[0][0]         │
│ (OnesLike)          │                   │            │                   │
├─────────────────────┼───────────────────┼────────────┼───────────────────┤
│ pool_act            │ (None, 256)       │          0 │ pool_ln[0][0]     │
│ (Activation)        │                   │            │                   │
├─────────────────────┼───────────────────┼────────────┼───────────────────┤
│ concatenate         │ (None, 1024)      │          0 │ logical_or_2[0][… │
│ (Concatenate)       │                   │            │ ones_like[0][0],  │
│                     │                   │            │ logical_or_1[0][… │
├─────────────────────┼───────────────────┼────────────┼───────────────────┤
│ head_dense (Dense)  │ (None, 256)       │     65,536 │ pool_act[0][0]    │
├─────────────────────┼───────────────────┼────────────┼───────────────────┤
│ any_1 (Any)         │ (None)            │          0 │ concatenate[0][0] │
├─────────────────────┼───────────────────┼────────────┼───────────────────┤
│ head_bn             │ (None, 256)       │      1,024 │ head_dense[0][0], │
│ (BatchNormalizatio… │                   │            │ any_1[0][0]       │
├─────────────────────┼───────────────────┼────────────┼───────────────────┤
│ head_drop (Dropout) │ (None, 256)       │          0 │ head_bn[0][0]     │
├─────────────────────┼───────────────────┼────────────┼───────────────────┤
│ classifier (Dense)  │ (None, 250)       │     64,250 │ head_drop[0][0]   │
└─────────────────────┴───────────────────┴────────────┴───────────────────┘
 Total params: 2,435,451 (9.29 MB)
 Trainable params: 2,434,427 (9.29 MB)
 Non-trainable params: 1,024 (4.00 KB)

[2026-04-06 09:53:24] [BiGRU] [INFO]  Parameters — total: 2,435,451  trainable: 2,434,427
[2026-04-06 09:53:27] [BiGRU] [INFO]  Architecture diagram saved: /kaggle/working/BiGRU/plots/BiGRU_architecture.png
[2026-04-06 09:53:27] [BiGRU] [INFO]  Optimiser : Adam + WarmupCosineDecay
[2026-04-06 09:53:27] [BiGRU] [INFO]  Peak LR   : 1.00e-03  |  Min LR: 1.00e-06  |  Warm-up steps: 2950
[2026-04-06 09:53:27] [BiGRU] [INFO]  No checkpoint found — starting fresh training.
[2026-04-06 10:35:11] [BiGRU] [INFO]  Epoch 001/100 | loss=5.9637 acc=0.0107 top5=0.0446 | val_loss=4.7315 val_acc=0.0769 val_top5=0.2433 | 2504.1s
[2026-04-06 10:35:11] [BiGRU] [INFO]    Best model saved — val_accuracy=0.0769
[2026-04-06 11:11:56] [BiGRU] [INFO]  Epoch 002/100 | loss=4.8364 acc=0.0644 top5=0.2093 | val_loss=3.8686 val_acc=0.2270 val_top5=0.5211 | 2204.3s
[2026-04-06 11:11:56] [BiGRU] [INFO]    Best model saved — val_accuracy=0.2270
[2026-04-06 11:43:58] [BiGRU] [INFO]  Epoch 003/100 | loss=4.2278 acc=0.1529 top5=0.3978 | val_loss=3.3964 val_acc=0.3151 val_top5=0.6345 | 1921.9s
[2026-04-06 11:43:58] [BiGRU] [INFO]    Best model saved — val_accuracy=0.3151
[2026-04-06 12:14:01] [BiGRU] [INFO]  Epoch 004/100 | loss=3.8452 acc=0.2343 top5=0.5137 | val_loss=2.9799 val_acc=0.4373 val_top5=0.7238 | 1802.2s
[2026-04-06 12:14:01] [BiGRU] [INFO]    Best model saved — val_accuracy=0.4373
[2026-04-06 12:41:56] [BiGRU] [INFO]  Epoch 005/100 | loss=3.5870 acc=0.2961 top5=0.5803 | val_loss=2.7628 val_acc=0.4843 val_top5=0.7704 | 1674.7s
[2026-04-06 12:41:56] [BiGRU] [INFO]    Best model saved — val_accuracy=0.4843
[2026-04-06 13:11:19] [BiGRU] [INFO]  Epoch 006/100 | loss=3.4038 acc=0.3414 top5=0.6229 | val_loss=2.5497 val_acc=0.5399 val_top5=0.8110 | 1763.5s
[2026-04-06 13:11:20] [BiGRU] [INFO]    Best model saved — val_accuracy=0.5399
[2026-04-06 13:38:34] [BiGRU] [INFO]  Epoch 007/100 | loss=3.2530 acc=0.3803 top5=0.6567 | val_loss=2.4234 val_acc=0.5771 val_top5=0.8314 | 1633.1s
[2026-04-06 13:38:34] [BiGRU] [INFO]    Best model saved — val_accuracy=0.5771
[2026-04-06 14:07:36] [BiGRU] [INFO]  Epoch 008/100 | loss=3.1398 acc=0.4079 top5=0.6793 | val_loss=2.3520 val_acc=0.5951 val_top5=0.8430 | 1741.7s
[2026-04-06 14:07:36] [BiGRU] [INFO]    Best model saved — val_accuracy=0.5951
[2026-04-06 14:35:24] [BiGRU] [INFO]  Epoch 009/100 | loss=3.0537 acc=0.4338 top5=0.6974 | val_loss=2.2815 val_acc=0.6243 val_top5=0.8528 | 1667.8s
[2026-04-06 14:35:24] [BiGRU] [INFO]    Best model saved — val_accuracy=0.6243
[2026-04-06 15:06:01] [BiGRU] [INFO]  Epoch 010/100 | loss=2.9811 acc=0.4506 top5=0.7121 | val_loss=2.1905 val_acc=0.6499 val_top5=0.8698 | 1836.8s
[2026-04-06 15:06:01] [BiGRU] [INFO]    Best model saved — val_accuracy=0.6499
[2026-04-06 15:34:43] [BiGRU] [INFO]  Epoch 011/100 | loss=2.9279 acc=0.4638 top5=0.7216 | val_loss=2.1686 val_acc=0.6537 val_top5=0.8717 | 1721.7s
[2026-04-06 15:34:43] [BiGRU] [INFO]    Best model saved — val_accuracy=0.6537
[2026-04-06 16:00:59] [BiGRU] [INFO]  Epoch 012/100 | loss=2.8658 acc=0.4807 top5=0.7349 | val_loss=2.1292 val_acc=0.6603 val_top5=0.8753 | 1575.4s
[2026-04-06 16:00:59] [BiGRU] [INFO]    Best model saved — val_accuracy=0.6603
[2026-04-06 16:27:37] [BiGRU] [INFO]  Epoch 013/100 | loss=2.8340 acc=0.4916 top5=0.7385 | val_loss=2.0823 val_acc=0.6808 val_top5=0.8811 | 1598.2s
[2026-04-06 16:27:38] [BiGRU] [INFO]    Best model saved — val_accuracy=0.6808
[2026-04-06 16:53:52] [BiGRU] [INFO]  Epoch 014/100 | loss=2.7878 acc=0.5037 top5=0.7472 | val_loss=2.0616 val_acc=0.6857 val_top5=0.8844 | 1574.1s
[2026-04-06 16:53:52] [BiGRU] [INFO]    Best model saved — val_accuracy=0.6857
[2026-04-06 17:21:29] [BiGRU] [INFO]  Epoch 015/100 | loss=2.7554 acc=0.5117 top5=0.7547 | val_loss=2.0233 val_acc=0.6943 val_top5=0.8896 | 1656.8s
[2026-04-06 17:21:29] [BiGRU] [INFO]    Best model saved — val_accuracy=0.6943
[2026-04-06 17:49:00] [BiGRU] [INFO]  Epoch 016/100 | loss=2.7228 acc=0.5209 top5=0.7597 | val_loss=2.0146 val_acc=0.6994 val_top5=0.8879 | 1650.7s
[2026-04-06 17:49:00] [BiGRU] [INFO]    Best model saved — val_accuracy=0.6994
[2026-04-06 18:15:30] [BiGRU] [INFO]  Epoch 017/100 | loss=2.6883 acc=0.5308 top5=0.7648 | val_loss=1.9792 val_acc=0.7093 val_top5=0.8968 | 1589.8s
[2026-04-06 18:15:30] [BiGRU] [INFO]    Best model saved — val_accuracy=0.7093
[2026-04-06 18:41:50] [BiGRU] [INFO]  Epoch 018/100 | loss=2.6576 acc=0.5398 top5=0.7700 | val_loss=1.9560 val_acc=0.7112 val_top5=0.9012 | 1579.5s
[2026-04-06 18:41:50] [BiGRU] [INFO]    Best model saved — val_accuracy=0.7112
[2026-04-06 19:08:09] [BiGRU] [INFO]  Epoch 019/100 | loss=2.6379 acc=0.5438 top5=0.7734 | val_loss=1.9582 val_acc=0.7175 val_top5=0.9012 | 1578.2s
[2026-04-06 19:08:09] [BiGRU] [INFO]    Best model saved — val_accuracy=0.7175
[2026-04-06 19:35:30] [BiGRU] [INFO]  Epoch 020/100 | loss=2.6113 acc=0.5525 top5=0.7774 | val_loss=1.9070 val_acc=0.7287 val_top5=0.9054 | 1641.5s
[2026-04-06 19:35:31] [BiGRU] [INFO]    Best model saved — val_accuracy=0.7287
[2026-04-06 20:02:04] [BiGRU] [INFO]  Epoch 021/100 | loss=2.5915 acc=0.5589 top5=0.7803 | val_loss=1.9017 val_acc=0.7328 val_top5=0.9073 | 1593.0s
[2026-04-06 20:02:04] [BiGRU] [INFO]    Best model saved — val_accuracy=0.7328
[2026-04-06 20:29:11] [BiGRU] [INFO]  Epoch 022/100 | loss=2.5679 acc=0.5631 top5=0.7846 | val_loss=1.8918 val_acc=0.7329 val_top5=0.9072 | 1626.7s
[2026-04-06 20:29:11] [BiGRU] [INFO]    Best model saved — val_accuracy=0.7329
[2026-04-06 20:55:23] [BiGRU] [INFO]  Epoch 023/100 | loss=2.5511 acc=0.5680 top5=0.7899 | val_loss=1.8729 val_acc=0.7415 val_top5=0.9095 | 1572.0s
[2026-04-06 20:55:23] [BiGRU] [INFO]    Best model saved — val_accuracy=0.7415
[2026-04-06 21:21:46] [BiGRU] [INFO]  Epoch 024/100 | loss=2.5301 acc=0.5751 top5=0.7917 | val_loss=1.8610 val_acc=0.7450 val_top5=0.9079 | 1582.5s
[2026-04-06 21:21:46] [BiGRU] [INFO]    Best model saved — val_accuracy=0.7450
[2026-04-06 21:46:47] [BiGRU] [INFO]  Epoch 025/100 | loss=2.5125 acc=0.5788 top5=0.7931 | val_loss=1.8452 val_acc=0.7488 val_top5=0.9120 | 1500.4s
[2026-04-06 21:46:47] [BiGRU] [INFO]    Best model saved — val_accuracy=0.7488
